4/15/2015 12:24:56 PM --- 
4/15/2015 12:24:56 PM --- Trace started: 4/15/2015 12:24:56 PM
4/15/2015 12:24:56 PM --- 
4/15/2015 12:24:56 PM ==[Connect to D:\installers\DXperience-8.3.8.exe]===============================================
4/15/2015 12:24:56 PM ... Calc DataFilePath:D:\installers\DXperience-8.3.8.exe
4/15/2015 12:24:56 PM ::: Connect to D:\installers\DXperience-8.3.8.exe data: Yes
4/15/2015 12:24:56 PM ==[Init active]===============================================
4/15/2015 12:24:56 PM ---[>>Load configuration]---
4/15/2015 12:24:56 PM ---[>>ProductInfo.LoadFromXML]---
4/15/2015 12:24:56 PM >>>>>>>>>>>>> ProductInfo state:
4/15/2015 12:24:56 PM ::: PublicName=DXperience FullVersion=8.3.8 DisplayVersion=v8.3
4/15/2015 12:24:56 PM ::: Suite=Yes VSVersions=VS80;VS90 VS2005=Yes SuppressAsmReg=No
4/15/2015 12:24:56 PM <<<<<<<<<<<<< 
4/15/2015 12:24:56 PM ---[<<ProductInfo.LoadFromXML]---
4/15/2015 12:24:56 PM ::: FileCount=98348
4/15/2015 12:24:56 PM ---[>>Libraries.LoadFromXML]---
4/15/2015 12:24:56 PM ---[<<Libraries.LoadFromXML  80 loaded]---
4/15/2015 12:24:56 PM ---[<<Load configuration]---
4/15/2015 12:24:56 PM ---[<<Load configuration]---
4/15/2015 12:24:56 PM ---[>>initialization]---
4/15/2015 12:24:56 PM >>>>>>>>>>>>> Framework versions:
4/15/2015 12:24:56 PM ::: C:\Windows\Microsoft.NET\Framework\v2.0.50727\ - Yes
4/15/2015 12:24:56 PM <<<<<<<<<<<<< 
4/15/2015 12:24:56 PM >>>>>>>>>>>>> Framework versions:
4/15/2015 12:24:56 PM ::: C:\Windows\Microsoft.NET\Framework64\v2.0.50727\ - Yes
4/15/2015 12:24:56 PM <<<<<<<<<<<<< 
4/15/2015 12:24:56 PM >>>>>>>>>>>>> Attributes:
4/15/2015 12:24:56 PM ::: DisplayTitle=Developer Express .NET v8.3
4/15/2015 12:24:56 PM ::: PublishedName=Developer Express .NET 
4/15/2015 12:24:56 PM ::: DefaultFolderName=Developer Express .NET v8.3
4/15/2015 12:24:56 PM ::: HelpNamespace=DevExpress.NETv8.3
4/15/2015 12:24:56 PM <<<<<<<<<<<<< 
4/15/2015 12:24:56 PM ::: CONNECT_INFO:
4/15/2015 12:24:56 PM ::: Bundle DXperience connected to: D:\installers\DXperience-8.3.8.exe
4/15/2015 12:24:56 PM ---[<<initialization]---
4/15/2015 12:24:56 PM ---[>>LoadFromRegistry]---
4/15/2015 12:24:56 PM ---[<<LoadFromRegistry]---
4/15/2015 12:24:56 PM ==[Init complete]===============================================
4/15/2015 12:24:56 PM ::: !!! QUIET MODE: -R=No -U=No Demos:False
4/15/2015 12:24:57 PM ::: Binding Runtime
4/15/2015 12:24:57 PM ::: Host Started
4/15/2015 12:24:57 PM *********************[Error]*********************
GetWebSiteInfo call failed - -2147024894
*************************************************
4/15/2015 12:24:57 PM ::: IIsWebServer=1
4/15/2015 12:24:57 PM ::: OS Version=6.2.9200
4/15/2015 12:24:57 PM ::: WOW64=Yes
4/15/2015 12:24:57 PM >>>>>>>>>>>>> VersionInfo state:
4/15/2015 12:24:57 PM ::: Evaluation=No IIsWebServer=1 Email=jeremy.d.roberts@siemens.com 
4/15/2015 12:24:57 PM <<<<<<<<<<<<< 
4/15/2015 12:24:57 PM >>>>>>>>>>>>> Paths state:
4/15/2015 12:24:57 PM ::: installutil=C:\Windows\Microsoft.NET\Framework\v2.0.50727\InstallUtil.exe
4/15/2015 12:24:57 PM ::: regasm=C:\Windows\Microsoft.NET\Framework\v2.0.50727\regasm.exe
4/15/2015 12:24:57 PM ::: aspnet_regiis=C:\Windows\Microsoft.NET\Framework64\v2.0.50727\aspnet_regiis.exe
4/15/2015 12:24:57 PM ::: regsvr32=C:\Windows\system32\regsvr32.exe
4/15/2015 12:24:57 PM ::: docexp=
4/15/2015 12:24:57 PM ::: Installed VS=C:\Program Files (x86)\Microsoft Visual Studio 10.0\Common7\IDE\devenv.exe
4/15/2015 12:24:57 PM <<<<<<<<<<<<< 
4/15/2015 12:24:57 PM >>>>>>>>>>>>> BundlePaths state:
4/15/2015 12:24:57 PM ::: InstallDir=C:\Program Files (x86)\Developer Express .NET v8.3\
4/15/2015 12:24:57 PM ::: programsmenu=C:\ProgramData\Microsoft\Windows\Start Menu\Programs\Developer Express .NET v8.3\
4/15/2015 12:24:57 PM <<<<<<<<<<<<< 
4/15/2015 12:24:57 PM >>>>>>>>>>>>> Init state Installed | Selected options:
4/15/2015 12:24:57 PM ::: Bundle:DXperience
4/15/2015 12:24:57 PM ::: ASPxEditors......... CoreFiles:[No|Yes]  Sources:[No|No]  Help:[No|No]
4/15/2015 12:24:57 PM ::: ASPxEditorsRuntime.. CoreFiles:[No|Yes]  Sources:[No|No]  Help:[No|No]
4/15/2015 12:24:57 PM ::: ASPxGauges.......... CoreFiles:[No|Yes]  Sources:[No|No]  Help:[No|No]
4/15/2015 12:24:57 PM ::: ASPxGaugesRuntime... CoreFiles:[No|Yes]  Sources:[No|No]  Help:[No|No]
4/15/2015 12:24:57 PM ::: ASPxGridView........ CoreFiles:[No|Yes]  Sources:[No|No]  Help:[No|No]
4/15/2015 12:24:57 PM ::: ASPxGridViewRuntime. CoreFiles:[No|Yes]  Sources:[No|No]  Help:[No|No]
4/15/2015 12:24:57 PM ::: ASPxHtmlEditor...... CoreFiles:[No|Yes]  Sources:[No|No]  Help:[No|No]
4/15/2015 12:24:57 PM ::: ASPxHtmlEditorRuntime CoreFiles:[No|Yes]  Sources:[No|No]  Help:[No|No]
4/15/2015 12:24:57 PM ::: ASPxMenu............ CoreFiles:[No|Yes]  Sources:[No|No]  Help:[No|No]
4/15/2015 12:24:57 PM ::: ASPxPivotGrid....... CoreFiles:[No|Yes]  Sources:[No|No]  Help:[No|No]
4/15/2015 12:24:57 PM ::: ASPxScheduler....... CoreFiles:[No|Yes]  Sources:[No|No]  Help:[No|No]
4/15/2015 12:24:57 PM ::: ASPxSiteMapControl.. CoreFiles:[No|Yes]  Sources:[No|No]  Help:[No|No]
4/15/2015 12:24:57 PM ::: ASPxSpellChecker.... CoreFiles:[No|Yes]  Sources:[No|No]  Help:[No|No]
4/15/2015 12:24:57 PM ::: ASPxSpellCheckerRuntime CoreFiles:[No|Yes]  Sources:[No|No]  Help:[No|No]
4/15/2015 12:24:57 PM ::: ASPxTreeList........ CoreFiles:[No|Yes]  Sources:[No|No]  Help:[No|No]
4/15/2015 12:24:57 PM ::: ASPxperience........ CoreFiles:[No|Yes]  Sources:[No|No]  Help:[No|No]
4/15/2015 12:24:57 PM ::: ASPxperienceRuntime. CoreFiles:[No|Yes]  Sources:[No|No]  Help:[No|No]
4/15/2015 12:24:57 PM ::: AgCore.............. CoreFiles:[No|Yes]  Sources:[No|No]  Help:[No|No]
4/15/2015 12:24:57 PM ::: AgData.............. CoreFiles:[No|Yes]  Sources:[No|No]  Help:[No|No]
4/15/2015 12:24:57 PM ::: AgLayoutControl..... CoreFiles:[No|Yes]  Sources:[No|No]  Help:[No|No]
4/15/2015 12:24:57 PM ::: AgMenu.............. CoreFiles:[No|Yes]  Sources:[No|No]  Help:[No|No]
4/15/2015 12:24:57 PM ::: AgRichEdit.......... CoreFiles:[No|Yes]  Sources:[No|No]  Help:[No|No]
4/15/2015 12:24:57 PM ::: AgSpellChecker...... CoreFiles:[No|Yes]  Sources:[No|No]  Help:[No|No]
4/15/2015 12:24:57 PM ::: DXCarousel.......... CoreFiles:[No|Yes]  Sources:[No|No]  Help:[No|No]
4/15/2015 12:24:57 PM ::: DXCharts............ CoreFiles:[No|Yes]  Sources:[No|No]  Help:[No|No]
4/15/2015 12:24:57 PM ::: DXDemoBase.......... CoreFiles:[No|Yes]  Sources:[No|No]  Help:[No|No]
4/15/2015 12:24:57 PM ::: DXEditors........... CoreFiles:[No|Yes]  Sources:[No|No]  Help:[No|No]
4/15/2015 12:24:57 PM ::: DXGrid.............. CoreFiles:[No|Yes]  Sources:[No|No]  Help:[No|No]
4/15/2015 12:24:57 PM ::: DXNavBar............ CoreFiles:[No|Yes]  Sources:[No|No]  Help:[No|No]
4/15/2015 12:24:57 PM ::: DXNavBarRuntime..... CoreFiles:[No|Yes]  Sources:[No|No]  Help:[No|No]
4/15/2015 12:24:57 PM ::: DXUtils............. CoreFiles:[No|Yes]  Sources:[No|No]  Help:[No|No]
4/15/2015 12:24:57 PM ::: DXperience.......... CoreFiles:[No|Yes]  Sources:[No|No]  Help:[No|No]
4/15/2015 12:24:57 PM ::: Data................ CoreFiles:[No|Yes]  Sources:[No|No]  Help:[No|No]
4/15/2015 12:24:57 PM ::: SharePoint.......... CoreFiles:[No|Yes]  Sources:[No|No]  Help:[No|No]
4/15/2015 12:24:57 PM ::: SL Components....... CoreFiles:[No|Yes]  Sources:[No|No]  Help:[No|No]
4/15/2015 12:24:57 PM ::: Tutorials........... CoreFiles:[No|Yes]  Sources:[No|No]  Help:[No|No]
4/15/2015 12:24:57 PM ::: Utils............... CoreFiles:[No|Yes]  Sources:[No|No]  Help:[No|No]
4/15/2015 12:24:57 PM ::: WPF Components...... CoreFiles:[No|Yes]  Sources:[No|No]  Help:[No|No]
4/15/2015 12:24:57 PM ::: Web AutoFormats..... CoreFiles:[No|Yes]  Sources:[No|No]  Help:[No|No]
4/15/2015 12:24:57 PM ::: Web Forms........... CoreFiles:[No|Yes]  Sources:[No|No]  Help:[No|No]
4/15/2015 12:24:57 PM ::: Web GlobalResources. CoreFiles:[No|Yes]  Sources:[No|No]  Help:[No|No]
4/15/2015 12:24:57 PM ::: Windows Forms....... CoreFiles:[No|Yes]  Sources:[No|No]  Help:[No|No]
4/15/2015 12:24:57 PM ::: Windows Forms - Web. CoreFiles:[No|Yes]  Sources:[No|No]  Help:[No|No]
4/15/2015 12:24:57 PM ::: XtraBars............ CoreFiles:[No|Yes]  Sources:[No|No]  Help:[No|No]
4/15/2015 12:24:57 PM ::: XtraBarsRuntime..... CoreFiles:[No|Yes]  Sources:[No|No]  Help:[No|No]
4/15/2015 12:24:57 PM ::: XtraCharts.......... CoreFiles:[No|Yes]  Sources:[No|No]  Help:[No|No]
4/15/2015 12:24:57 PM ::: XtraChartsCore...... CoreFiles:[No|Yes]  Sources:[No|No]  Help:[No|No]
4/15/2015 12:24:57 PM ::: XtraChartsRuntime... CoreFiles:[No|Yes]  Sources:[No|No]  Help:[No|No]
4/15/2015 12:24:57 PM ::: XtraEditors......... CoreFiles:[No|Yes]  Sources:[No|No]  Help:[No|No]
4/15/2015 12:24:57 PM ::: XtraEditorsRuntime.. CoreFiles:[No|Yes]  Sources:[No|No]  Help:[No|No]
4/15/2015 12:24:57 PM ::: XtraGauges.......... CoreFiles:[No|Yes]  Sources:[No|No]  Help:[No|No]
4/15/2015 12:24:57 PM ::: XtraGaugesCore...... CoreFiles:[No|Yes]  Sources:[No|No]  Help:[No|No]
4/15/2015 12:24:57 PM ::: XtraGaugesPresets... CoreFiles:[No|Yes]  Sources:[No|No]  Help:[No|No]
4/15/2015 12:24:57 PM ::: XtraGaugesRuntime... CoreFiles:[No|Yes]  Sources:[No|No]  Help:[No|No]
4/15/2015 12:24:57 PM ::: XtraGrid............ CoreFiles:[No|Yes]  Sources:[No|No]  Help:[No|No]
4/15/2015 12:24:57 PM ::: XtraGridRuntime..... CoreFiles:[No|Yes]  Sources:[No|No]  Help:[No|No]
4/15/2015 12:24:57 PM ::: XtraLayout.......... CoreFiles:[No|Yes]  Sources:[No|No]  Help:[No|No]
4/15/2015 12:24:57 PM ::: XtraLayoutRuntime... CoreFiles:[No|Yes]  Sources:[No|No]  Help:[No|No]
4/15/2015 12:24:57 PM ::: XtraNavBar.......... CoreFiles:[No|Yes]  Sources:[No|No]  Help:[No|No]
4/15/2015 12:24:57 PM ::: XtraNavBarRunTime... CoreFiles:[No|Yes]  Sources:[No|No]  Help:[No|No]
4/15/2015 12:24:57 PM ::: XtraPivotGrid....... CoreFiles:[No|Yes]  Sources:[No|No]  Help:[No|No]
4/15/2015 12:24:57 PM ::: XtraPivotGridCore... CoreFiles:[No|Yes]  Sources:[No|No]  Help:[No|No]
4/15/2015 12:24:57 PM ::: XtraPivotGridCoreRuntime CoreFiles:[No|Yes]  Sources:[No|No]  Help:[No|No]
4/15/2015 12:24:57 PM ::: XtraPivotGridRuntime CoreFiles:[No|Yes]  Sources:[No|No]  Help:[No|No]
4/15/2015 12:24:57 PM ::: XtraPrintingSystem.. CoreFiles:[No|Yes]  Sources:[No|No]  Help:[No|No]
4/15/2015 12:24:57 PM ::: XtraPrintingRuntime. CoreFiles:[No|Yes]  Sources:[No|No]  Help:[No|No]
4/15/2015 12:24:57 PM ::: XtraReports......... CoreFiles:[No|Yes]  Sources:[No|No]  Help:[No|No]
4/15/2015 12:24:57 PM ::: XtraRichEdit........ CoreFiles:[No|Yes]  Sources:[No|No]  Help:[No|No]
4/15/2015 12:24:57 PM ::: XtraRichEditRuntime. CoreFiles:[No|Yes]  Sources:[No|No]  Help:[No|No]
4/15/2015 12:24:57 PM ::: XtraScheduler....... CoreFiles:[No|Yes]  Sources:[No|No]  Help:[No|No]
4/15/2015 12:24:57 PM ::: XtraSchedulerCore... CoreFiles:[No|Yes]  Sources:[No|No]  Help:[No|No]
4/15/2015 12:24:57 PM ::: XtraSpellChecker.... CoreFiles:[No|Yes]  Sources:[No|No]  Help:[No|No]
4/15/2015 12:24:57 PM ::: XtraSpellCheckerRuntime CoreFiles:[No|Yes]  Sources:[No|No]  Help:[No|No]
4/15/2015 12:24:57 PM ::: XtraTreeList........ CoreFiles:[No|Yes]  Sources:[No|No]  Help:[No|No]
4/15/2015 12:24:57 PM ::: XtraTreeListRuntime. CoreFiles:[No|Yes]  Sources:[No|No]  Help:[No|No]
4/15/2015 12:24:57 PM ::: XtraVerticalGrid.... CoreFiles:[No|Yes]  Sources:[No|No]  Help:[No|No]
4/15/2015 12:24:57 PM ::: XtraVerticalGridRuntime CoreFiles:[No|Yes]  Sources:[No|No]  Help:[No|No]
4/15/2015 12:24:57 PM ::: XtraWizard.......... CoreFiles:[No|Yes]  Sources:[No|No]  Help:[No|No]
4/15/2015 12:24:57 PM ::: XtraWizardRuntime... CoreFiles:[No|Yes]  Sources:[No|No]  Help:[No|No]
4/15/2015 12:24:57 PM ::: XPO................. CoreFiles:[No|Yes]  Sources:[No|No]  Help:[No|No]
4/15/2015 12:24:57 PM <<<<<<<<<<<<< 
4/15/2015 12:24:57 PM ::: !!! OPERATION=0 Help=No Sources=Yes WebDisabled=No
4/15/2015 12:24:57 PM ==[Install]===============================================
4/15/2015 12:24:57 PM >>>>>>>>>>>>> UpdateProperties
4/15/2015 12:24:57 PM <<<<<<<<<<<<< UpdateProperties
4/15/2015 12:24:57 PM >>>>>>>>>>>>> UpdateInfo
4/15/2015 12:24:57 PM <<<<<<<<<<<<< UpdateInfo
4/15/2015 12:24:57 PM >>>>>>>>>>>>> UpdateToolbox
4/15/2015 12:24:57 PM <<<<<<<<<<<<< UpdateToolbox
4/15/2015 12:24:57 PM >>>>>>>>>>>>> UpdateInstallers
4/15/2015 12:24:57 PM <<<<<<<<<<<<< UpdateInstallers
4/15/2015 12:24:57 PM >>>>>>>>>>>>> UpdateComInterop
4/15/2015 12:24:57 PM <<<<<<<<<<<<< UpdateComInterop
4/15/2015 12:24:57 PM >>>>>>>>>>>>> UpdateFiles
4/15/2015 12:24:59 PM ==[RECONNECT DXperience to C:\Program Files (x86)\Developer Express .NET v8.3\Support\DXperience-8.3.8.exe]===============================================
4/15/2015 12:24:59 PM ... Calc DataFilePath:C:\Program Files (x86)\Developer Express .NET v8.3\Support\DXperience-8.3.8.exe
4/15/2015 12:24:59 PM ::: Connect to C:\Program Files (x86)\Developer Express .NET v8.3\Support\DXperience-8.3.8.exe data: Yes
4/15/2015 12:24:59 PM ... extract file ASPxEditors\ComponentLibrary\DevExpress.Web.ASPxEditors.v8.3.xml --> C:\Program Files (x86)\Developer Express .NET v8.3\Sources\DevExpress.DLL\ 
4/15/2015 12:24:59 PM ... extract file ASPxEditorsRuntime\ComponentLibrary\DevExpress.Web.ASPxEditors.v8.3.dll --> C:\Program Files (x86)\Developer Express .NET v8.3\Sources\DevExpress.DLL\ 
4/15/2015 12:24:59 PM ... grant permission: C:\Program Files (x86)\Developer Express .NET v8.3\Demos\ASPxGauges\CS\ASPxGaugesDemos
4/15/2015 12:24:59 PM ... grant permission: C:\Program Files (x86)\Developer Express .NET v8.3\Demos\ASPxGauges\VB\ASPxGaugesDemos
4/15/2015 12:24:59 PM ... grant permission: C:\Program Files (x86)\Developer Express .NET v8.3\Demos\ASPxGauges\ASPxGaugesDemos
4/15/2015 12:24:59 PM ... grant permission: C:\Program Files (x86)\Developer Express .NET v8.3\Demos\Data
4/15/2015 12:24:59 PM ... extract file ASPxGaugesRuntime\ComponentLibrary\DevExpress.Web.ASPxGauges.v8.3.dll --> C:\Program Files (x86)\Developer Express .NET v8.3\Sources\DevExpress.DLL\ 
4/15/2015 12:24:59 PM ... extract file ASPxGaugesRuntime\ComponentLibrary\DevExpress.Web.ASPxGauges.v8.3.xml --> C:\Program Files (x86)\Developer Express .NET v8.3\Sources\DevExpress.DLL\ 
4/15/2015 12:24:59 PM ... extract file ASPxGridView\ComponentLibrary\DevExpress.Web.ASPxGridView.v8.3.xml --> C:\Program Files (x86)\Developer Express .NET v8.3\Sources\DevExpress.DLL\ 
4/15/2015 12:24:59 PM ... extract file ASPxGridView\ComponentLibrary\DevExpress.Web.ASPxGridView.v8.3.Export.xml --> C:\Program Files (x86)\Developer Express .NET v8.3\Sources\DevExpress.DLL\ 
4/15/2015 12:24:59 PM ... grant permission: C:\Program Files (x86)\Developer Express .NET v8.3\Demos\ASPxGridView\CS\ASPxGridViewDemos
4/15/2015 12:24:59 PM ... grant permission: C:\Program Files (x86)\Developer Express .NET v8.3\Demos\ASPxGridView\VB\ASPxGridViewDemos
4/15/2015 12:24:59 PM ... grant permission: C:\Program Files (x86)\Developer Express .NET v8.3\Demos\ASPxGridView\ASPxGridViewDemos
4/15/2015 12:24:59 PM ... extract file ASPxGridViewRuntime\ComponentLibrary\DevExpress.Web.ASPxGridView.v8.3.dll --> C:\Program Files (x86)\Developer Express .NET v8.3\Sources\DevExpress.DLL\ 
4/15/2015 12:24:59 PM ... extract file ASPxGridViewRuntime\ComponentLibrary\DevExpress.Web.ASPxGridView.v8.3.Export.dll --> C:\Program Files (x86)\Developer Express .NET v8.3\Sources\DevExpress.DLL\ 
4/15/2015 12:24:59 PM ... extract file ASPxHtmlEditor\ComponentLibrary\DevExpress.Web.ASPxHtmlEditor.v8.3.xml --> C:\Program Files (x86)\Developer Express .NET v8.3\Sources\DevExpress.DLL\ 
4/15/2015 12:24:59 PM ... grant permission: C:\Program Files (x86)\Developer Express .NET v8.3\Demos\ASPxHtmlEditor\CS\ASPxHtmlEditorDemos
4/15/2015 12:24:59 PM ... grant permission: C:\Program Files (x86)\Developer Express .NET v8.3\Demos\ASPxHtmlEditor\VB\ASPxHtmlEditorDemos
4/15/2015 12:24:59 PM ... grant permission: C:\Program Files (x86)\Developer Express .NET v8.3\Demos\ASPxHtmlEditor\ASPxHtmlEditorDemos
4/15/2015 12:24:59 PM ... extract file ASPxHtmlEditorRuntime\ComponentLibrary\DevExpress.Web.ASPxHtmlEditor.v8.3.dll --> C:\Program Files (x86)\Developer Express .NET v8.3\Sources\DevExpress.DLL\ 
4/15/2015 12:24:59 PM ... extract file ASPxPivotGrid\ComponentLibrary\DevExpress.Web.ASPxPivotGrid.v8.3.dll --> C:\Program Files (x86)\Developer Express .NET v8.3\Sources\DevExpress.DLL\ 
4/15/2015 12:24:59 PM ... extract file ASPxPivotGrid\ComponentLibrary\DevExpress.Web.ASPxPivotGrid.v8.3.Export.dll --> C:\Program Files (x86)\Developer Express .NET v8.3\Sources\DevExpress.DLL\ 
4/15/2015 12:24:59 PM ... extract file ASPxPivotGrid\ComponentLibrary\DevExpress.Web.ASPxPivotGrid.v8.3.xml --> C:\Program Files (x86)\Developer Express .NET v8.3\Sources\DevExpress.DLL\ 
4/15/2015 12:24:59 PM ... extract file ASPxPivotGrid\ComponentLibrary\DevExpress.Web.ASPxPivotGrid.v8.3.Export.xml --> C:\Program Files (x86)\Developer Express .NET v8.3\Sources\DevExpress.DLL\ 
4/15/2015 12:24:59 PM ... grant permission: C:\Program Files (x86)\Developer Express .NET v8.3\Demos\ASPxPivotGrid\CS\ASPxPivotGridDemos
4/15/2015 12:24:59 PM ... grant permission: C:\Program Files (x86)\Developer Express .NET v8.3\Demos\ASPxPivotGrid\VB\ASPxPivotGridDemos
4/15/2015 12:24:59 PM ... grant permission: C:\Program Files (x86)\Developer Express .NET v8.3\Demos\ASPxPivotGrid\ASPxPivotGridDemos
4/15/2015 12:24:59 PM ... extract file ASPxScheduler\ComponentLibrary\DevExpress.Web.ASPxScheduler.v8.3.dll --> C:\Program Files (x86)\Developer Express .NET v8.3\Sources\DevExpress.DLL\ 
4/15/2015 12:24:59 PM ... extract file ASPxScheduler\ComponentLibrary\DevExpress.Web.ASPxScheduler.v8.3.Design.dll --> C:\Program Files (x86)\Developer Express .NET v8.3\Sources\DevExpress.DLL\ 
4/15/2015 12:24:59 PM ... extract file ASPxScheduler\ComponentLibrary\DevExpress.Web.ASPxScheduler.v8.3.xml --> C:\Program Files (x86)\Developer Express .NET v8.3\Sources\DevExpress.DLL\ 
4/15/2015 12:24:59 PM ... grant permission: C:\Program Files (x86)\Developer Express .NET v8.3\Demos\ASPxScheduler\CS\ASPxSchedulerDemos
4/15/2015 12:24:59 PM ... grant permission: C:\Program Files (x86)\Developer Express .NET v8.3\Demos\ASPxScheduler\VB\ASPxSchedulerDemos
4/15/2015 12:24:59 PM ... grant permission: C:\Program Files (x86)\Developer Express .NET v8.3\Demos\ASPxScheduler\ASPxSchedulerDemos
4/15/2015 12:24:59 PM ... extract file ASPxSpellChecker\ComponentLibrary\DevExpress.Web.ASPxSpellChecker.v8.3.xml --> C:\Program Files (x86)\Developer Express .NET v8.3\Sources\DevExpress.DLL\ 
4/15/2015 12:24:59 PM ... grant permission: C:\Program Files (x86)\Developer Express .NET v8.3\Demos\ASPxSpellChecker\CS\ASPxSpellCheckerDemos
4/15/2015 12:24:59 PM ... grant permission: C:\Program Files (x86)\Developer Express .NET v8.3\Demos\ASPxSpellChecker\VB\ASPxSpellCheckerDemos
4/15/2015 12:24:59 PM ... grant permission: C:\Program Files (x86)\Developer Express .NET v8.3\Demos\ASPxSpellChecker\ASPxSpellCheckerDemos
4/15/2015 12:24:59 PM ... extract file ASPxSpellCheckerRuntime\ComponentLibrary\DevExpress.Web.ASPxSpellChecker.v8.3.dll --> C:\Program Files (x86)\Developer Express .NET v8.3\Sources\DevExpress.DLL\ 
4/15/2015 12:24:59 PM ... extract file ASPxTreeList\ComponentLibrary\DevExpress.Web.ASPxTreeList.v8.3.dll --> C:\Program Files (x86)\Developer Express .NET v8.3\Sources\DevExpress.DLL\ 
4/15/2015 12:24:59 PM ... extract file ASPxTreeList\ComponentLibrary\DevExpress.Web.ASPxTreeList.v8.3.Export.dll --> C:\Program Files (x86)\Developer Express .NET v8.3\Sources\DevExpress.DLL\ 
4/15/2015 12:24:59 PM ... extract file ASPxTreeList\ComponentLibrary\DevExpress.Web.ASPxTreeList.v8.3.xml --> C:\Program Files (x86)\Developer Express .NET v8.3\Sources\DevExpress.DLL\ 
4/15/2015 12:24:59 PM ... grant permission: C:\Program Files (x86)\Developer Express .NET v8.3\Demos\ASPxTreeList\CS\ASPxTreeListDemos
4/15/2015 12:24:59 PM ... grant permission: C:\Program Files (x86)\Developer Express .NET v8.3\Demos\ASPxTreeList\VB\ASPxTreeListDemos
4/15/2015 12:24:59 PM ... grant permission: C:\Program Files (x86)\Developer Express .NET v8.3\Demos\ASPxTreeList\ASPxTreeListDemos
4/15/2015 12:24:59 PM ... extract file ASPxperience\ComponentLibrary\DevExpress.Web.v8.3.xml --> C:\Program Files (x86)\Developer Express .NET v8.3\Sources\DevExpress.DLL\ 
4/15/2015 12:24:59 PM ... grant permission: C:\Program Files (x86)\Developer Express .NET v8.3\Demos\ASPxperience\CS\ASPxperienceDemos
4/15/2015 12:24:59 PM ... grant permission: C:\Program Files (x86)\Developer Express .NET v8.3\Demos\ASPxperience\VB\ASPxperienceDemos
4/15/2015 12:24:59 PM ... grant permission: C:\Program Files (x86)\Developer Express .NET v8.3\Demos\ASPxperience\ASPxperienceDemos
4/15/2015 12:24:59 PM ... extract file ASPxperienceRuntime\ComponentLibrary\DevExpress.Web.v8.3.dll --> C:\Program Files (x86)\Developer Express .NET v8.3\Sources\DevExpress.DLL\ 
4/15/2015 12:24:59 PM ... extract file AgCore\ComponentLibrary\DevExpress.AgCore.v8.3.dll --> C:\Program Files (x86)\Developer Express .NET v8.3\Bin\Silverlight\ 
4/15/2015 12:24:59 PM ... extract file AgData\ComponentLibrary\DevExpress.AgData.v8.3.dll --> C:\Program Files (x86)\Developer Express .NET v8.3\Bin\Silverlight\ 
4/15/2015 12:24:59 PM ... extract file AgLayoutControl\ComponentLibrary\DevExpress.AgLayoutControl.v8.3.dll --> C:\Program Files (x86)\Developer Express .NET v8.3\Bin\Silverlight\ 
4/15/2015 12:24:59 PM ... extract file AgMenu\ComponentLibrary\DevExpress.AgMenu.v8.3.dll --> C:\Program Files (x86)\Developer Express .NET v8.3\Bin\Silverlight\ 
4/15/2015 12:24:59 PM ... extract file AgRichEdit\ComponentLibrary\DevExpress.AgRichEdit.v8.3.dll --> C:\Program Files (x86)\Developer Express .NET v8.3\Bin\Silverlight\ 
4/15/2015 12:24:59 PM ... extract file AgRichEdit\ComponentLibrary\DevExpress.AgRichEdit.v8.3.Extensions.dll --> C:\Program Files (x86)\Developer Express .NET v8.3\Bin\Silverlight\ 
4/15/2015 12:24:59 PM ... extract file AgSpellChecker\ComponentLibrary\DevExpress.AgSpellChecker.v8.3.dll --> C:\Program Files (x86)\Developer Express .NET v8.3\Bin\Silverlight\ 
4/15/2015 12:24:59 PM ... extract file AgSpellChecker\ComponentLibrary\DevExpress.AgSpellChecker.v8.3.Core.dll --> C:\Program Files (x86)\Developer Express .NET v8.3\Bin\Silverlight\ 
4/15/2015 12:24:59 PM ... extract file DXCarousel\ComponentLibrary\DevExpress.WPF.Carousel.Customization.v8.3.dll --> C:\Program Files (x86)\Developer Express .NET v8.3\Sources\DevExpress.DLL\ 
4/15/2015 12:24:59 PM ... extract file DXCarousel\ComponentLibrary\DevExpress.Wpf.Carousel.v8.3.dll --> C:\Program Files (x86)\Developer Express .NET v8.3\Sources\DevExpress.DLL\ 
4/15/2015 12:24:59 PM ... extract file DXCarousel\ComponentLibrary\DevExpress.Wpf.Carousel.v8.3.Design.dll --> C:\Program Files (x86)\Developer Express .NET v8.3\Sources\DevExpress.DLL\ 
4/15/2015 12:24:59 PM ... extract file DXCarousel\ComponentLibrary\DevExpress.Wpf.Carousel.v8.3.VisualStudio.Design.dll --> C:\Program Files (x86)\Developer Express .NET v8.3\Sources\DevExpress.DLL\ 
4/15/2015 12:24:59 PM ... extract file DXCarousel\ComponentLibrary\DevExpress.Wpf.Carousel.v8.3.Expression.Design.dll --> C:\Program Files (x86)\Developer Express .NET v8.3\Sources\DevExpress.DLL\ 
4/15/2015 12:24:59 PM ... extract file DXCarousel\ComponentLibrary\DevExpress.Wpf.Carousel.v8.3.dll.Design.dll --> C:\Program Files (x86)\Developer Express .NET v8.3\Sources\DevExpress.DLL\ 
4/15/2015 12:24:59 PM ... extract file DXCarousel\ComponentLibrary\DevExpress.Wpf.Carousel.v8.3.dll.VisualStudio.Design.dll --> C:\Program Files (x86)\Developer Express .NET v8.3\Sources\DevExpress.DLL\ 
4/15/2015 12:24:59 PM ... extract file DXCharts\ComponentLibrary\DevExpress.Wpf.Charts.v8.3.dll --> C:\Program Files (x86)\Developer Express .NET v8.3\Sources\DevExpress.DLL\ 
4/15/2015 12:24:59 PM ... extract file DXCharts\ComponentLibrary\DevExpress.Wpf.Charts.v8.3.Design.dll --> C:\Program Files (x86)\Developer Express .NET v8.3\Sources\DevExpress.DLL\ 
4/15/2015 12:24:59 PM ... extract file DXCharts\ComponentLibrary\DevExpress.Wpf.Charts.v8.3.VisualStudio.Design.dll --> C:\Program Files (x86)\Developer Express .NET v8.3\Sources\DevExpress.DLL\ 
4/15/2015 12:24:59 PM ... extract file DXCharts\ComponentLibrary\DevExpress.Wpf.Charts.v8.3.Expression.Design.dll --> C:\Program Files (x86)\Developer Express .NET v8.3\Sources\DevExpress.DLL\ 
4/15/2015 12:24:59 PM ... extract file DXCharts\ComponentLibrary\DevExpress.Wpf.Charts.v8.3.dll.Design.dll --> C:\Program Files (x86)\Developer Express .NET v8.3\Sources\DevExpress.DLL\ 
4/15/2015 12:24:59 PM ... extract file DXCharts\ComponentLibrary\DevExpress.Wpf.Charts.v8.3.dll.VisualStudio.Design.dll --> C:\Program Files (x86)\Developer Express .NET v8.3\Sources\DevExpress.DLL\ 
4/15/2015 12:24:59 PM ... extract file DXDemoBase\ComponentLibrary\DevExpress.Wpf.DemoBase.v8.3.dll --> C:\Program Files (x86)\Developer Express .NET v8.3\Sources\DevExpress.DLL\ 
4/15/2015 12:24:59 PM ... extract file DXEditors\ComponentLibrary\DevExpress.Wpf.Editors.v8.3.dll --> C:\Program Files (x86)\Developer Express .NET v8.3\Sources\DevExpress.DLL\ 
4/15/2015 12:24:59 PM ... extract file DXGrid\ComponentLibrary\DevExpress.Wpf.Grid.v8.3.dll --> C:\Program Files (x86)\Developer Express .NET v8.3\Sources\DevExpress.DLL\ 
4/15/2015 12:24:59 PM ... extract file DXGrid\ComponentLibrary\DevExpress.Wpf.Grid.v8.3.Design.dll --> C:\Program Files (x86)\Developer Express .NET v8.3\Sources\DevExpress.DLL\ 
4/15/2015 12:24:59 PM ... extract file DXGrid\ComponentLibrary\DevExpress.Wpf.Grid.v8.3.VisualStudio.Design.dll --> C:\Program Files (x86)\Developer Express .NET v8.3\Sources\DevExpress.DLL\ 
4/15/2015 12:24:59 PM ... extract file DXGrid\ComponentLibrary\DevExpress.Wpf.Grid.v8.3.Expression.Design.dll --> C:\Program Files (x86)\Developer Express .NET v8.3\Sources\DevExpress.DLL\ 
4/15/2015 12:24:59 PM ... extract file DXGrid\ComponentLibrary\DevExpress.Wpf.Grid.v8.3.dll.Design.dll --> C:\Program Files (x86)\Developer Express .NET v8.3\Sources\DevExpress.DLL\ 
4/15/2015 12:24:59 PM ... extract file DXGrid\ComponentLibrary\DevExpress.Wpf.Grid.v8.3.dll.VisualStudio.Design.dll --> C:\Program Files (x86)\Developer Express .NET v8.3\Sources\DevExpress.DLL\ 
4/15/2015 12:24:59 PM ... extract file DXNavBar\ComponentLibrary\DevExpress.Wpf.NavBar.v8.3.Design.dll --> C:\Program Files (x86)\Developer Express .NET v8.3\Sources\DevExpress.DLL\ 
4/15/2015 12:24:59 PM ... extract file DXNavBar\ComponentLibrary\DevExpress.Wpf.NavBar.v8.3.VisualStudio.Design.dll --> C:\Program Files (x86)\Developer Express .NET v8.3\Sources\DevExpress.DLL\ 
4/15/2015 12:24:59 PM ... extract file DXNavBar\ComponentLibrary\DevExpress.Wpf.NavBar.v8.3.Expression.Design.dll --> C:\Program Files (x86)\Developer Express .NET v8.3\Sources\DevExpress.DLL\ 
4/15/2015 12:24:59 PM ... extract file DXNavBar\ComponentLibrary\DevExpress.Wpf.NavBar.v8.3.dll.Design.dll --> C:\Program Files (x86)\Developer Express .NET v8.3\Sources\DevExpress.DLL\ 
4/15/2015 12:24:59 PM ... extract file DXNavBar\ComponentLibrary\DevExpress.Wpf.NavBar.v8.3.dll.VisualStudio.Design.dll --> C:\Program Files (x86)\Developer Express .NET v8.3\Sources\DevExpress.DLL\ 
4/15/2015 12:24:59 PM ... extract file DXNavBarRuntime\ComponentLibrary\DevExpress.Wpf.NavBar.v8.3.dll --> C:\Program Files (x86)\Developer Express .NET v8.3\Sources\DevExpress.DLL\ 
4/15/2015 12:24:59 PM ... extract file DXUtils\ComponentLibrary\DevExpress.Wpf.Utils.v8.3.dll --> C:\Program Files (x86)\Developer Express .NET v8.3\Sources\DevExpress.DLL\ 
4/15/2015 12:24:59 PM ... extract file Data\ComponentLibrary\DevExpress.Data.v8.3.dll --> C:\Program Files (x86)\Developer Express .NET v8.3\Sources\DevExpress.DLL\ 
4/15/2015 12:24:59 PM ... extract file Data\ComponentLibrary\DevExpress.Data.v8.3.Linq.dll --> C:\Program Files (x86)\Developer Express .NET v8.3\Sources\DevExpress.DLL\ 
4/15/2015 12:24:59 PM ... extract file Data\ComponentLibrary\DevExpress.Data.v8.3.Compact.dll --> C:\Program Files (x86)\Developer Express .NET v8.3\Sources\DevExpress.DLL\ 
4/15/2015 12:24:59 PM ... extract file Data\ComponentLibrary\DevExpress.Data.v8.3.xml --> C:\Program Files (x86)\Developer Express .NET v8.3\Sources\DevExpress.DLL\ 
4/15/2015 12:24:59 PM ... extract file SharePoint\ComponentLibrary\DevExpress.SharePoint.WSS.v8.3.dll --> C:\Program Files (x86)\Developer Express .NET v8.3\Sources\DevExpress.DLL\ 
4/15/2015 12:24:59 PM ... extract file SharePoint\ComponentLibrary\DevExpress.SharePoint.MOSS.v8.3.dll --> C:\Program Files (x86)\Developer Express .NET v8.3\Sources\DevExpress.DLL\ 
4/15/2015 12:24:59 PM ... extract file Tutorials\ComponentLibrary\DevExpress.Tutorials.v8.3.dll --> C:\Program Files (x86)\Developer Express .NET v8.3\Sources\DevExpress.DLL\ 
4/15/2015 12:24:59 PM ... extract file Utils\ComponentLibrary\DevExpress.Utils.v8.3.dll --> C:\Program Files (x86)\Developer Express .NET v8.3\Sources\DevExpress.DLL\ 
4/15/2015 12:24:59 PM ... extract file Utils\ComponentLibrary\DevExpress.BonusSkins.v8.3.dll --> C:\Program Files (x86)\Developer Express .NET v8.3\Sources\DevExpress.DLL\ 
4/15/2015 12:24:59 PM ... extract file Utils\ComponentLibrary\DevExpress.OfficeSkins.v8.3.dll --> C:\Program Files (x86)\Developer Express .NET v8.3\Sources\DevExpress.DLL\ 
4/15/2015 12:24:59 PM ... extract file Utils\ComponentLibrary\DevExpress.Utils.v8.3.xml --> C:\Program Files (x86)\Developer Express .NET v8.3\Sources\DevExpress.DLL\ 
4/15/2015 12:24:59 PM ... extract dir Web AutoFormats\SourceCodeShared\DevExpress.Web.ASPxAutoFormats --> C:\Program Files (x86)\Developer Express .NET v8.3\Sources\DevExpress.Web.ASPxAutoFormats 
4/15/2015 12:24:59 PM ... extract dir Web GlobalResources\SourceCodeShared\DevExpress.Web.ASPxGlobalResources --> C:\Program Files (x86)\Developer Express .NET v8.3\Sources\DevExpress.Web.ASPxGlobalResources 
4/15/2015 12:24:59 PM ... extract file XtraBars\ComponentLibrary\DevExpress.XtraBars.v8.3.Design.dll --> C:\Program Files (x86)\Developer Express .NET v8.3\Sources\DevExpress.DLL\ 
4/15/2015 12:24:59 PM ... extract file XtraBars\ComponentLibrary\DevExpress.XtraBars.v8.3.xml --> C:\Program Files (x86)\Developer Express .NET v8.3\Sources\DevExpress.DLL\ 
4/15/2015 12:24:59 PM ... extract file XtraBarsRuntime\ComponentLibrary\DevExpress.XtraBars.v8.3.dll --> C:\Program Files (x86)\Developer Express .NET v8.3\Sources\DevExpress.DLL\ 
4/15/2015 12:24:59 PM ... extract file XtraCharts\ComponentLibrary\DevExpress.XtraCharts.v8.3.UI.dll --> C:\Program Files (x86)\Developer Express .NET v8.3\Sources\DevExpress.DLL\ 
4/15/2015 12:24:59 PM ... extract file XtraCharts\ComponentLibrary\DevExpress.XtraCharts.v8.3.Web.dll --> C:\Program Files (x86)\Developer Express .NET v8.3\Sources\DevExpress.DLL\ 
4/15/2015 12:24:59 PM ... extract file XtraCharts\ComponentLibrary\DevExpress.XtraCharts.v8.3.Design.dll --> C:\Program Files (x86)\Developer Express .NET v8.3\Sources\DevExpress.DLL\ 
4/15/2015 12:24:59 PM ... extract file XtraCharts\ComponentLibrary\DevExpress.XtraCharts.v8.3.UI.xml --> C:\Program Files (x86)\Developer Express .NET v8.3\Sources\DevExpress.DLL\ 
4/15/2015 12:24:59 PM ... extract file XtraCharts\ComponentLibrary\DevExpress.XtraCharts.v8.3.Web.xml --> C:\Program Files (x86)\Developer Express .NET v8.3\Sources\DevExpress.DLL\ 
4/15/2015 12:24:59 PM ... grant permission: C:\Program Files (x86)\Developer Express .NET v8.3\Demos\XtraCharts\CS\ChartsWebDemo
4/15/2015 12:24:59 PM ... grant permission: C:\Program Files (x86)\Developer Express .NET v8.3\Demos\XtraCharts\VB\ChartsWebDemo
4/15/2015 12:24:59 PM ... grant permission: C:\Program Files (x86)\Developer Express .NET v8.3\Demos\XtraCharts\ChartsWebDemo
4/15/2015 12:24:59 PM ... extract file XtraChartsCore\ComponentLibrary\DevExpress.Charts.v8.3.Core.dll --> C:\Program Files (x86)\Developer Express .NET v8.3\Sources\DevExpress.DLL\ 
4/15/2015 12:24:59 PM ... extract file XtraChartsRuntime\ComponentLibrary\DevExpress.XtraCharts.v8.3.dll --> C:\Program Files (x86)\Developer Express .NET v8.3\Sources\DevExpress.DLL\ 
4/15/2015 12:24:59 PM ... extract file XtraChartsRuntime\ComponentLibrary\DevExpress.XtraCharts.v8.3.xml --> C:\Program Files (x86)\Developer Express .NET v8.3\Sources\DevExpress.DLL\ 
4/15/2015 12:24:59 PM ... extract file XtraEditors\ComponentLibrary\DevExpress.XtraEditors.v8.3.Design.dll --> C:\Program Files (x86)\Developer Express .NET v8.3\Sources\DevExpress.DLL\ 
4/15/2015 12:24:59 PM ... extract file XtraEditors\ComponentLibrary\DevExpress.XtraEditors.v8.3.xml --> C:\Program Files (x86)\Developer Express .NET v8.3\Sources\DevExpress.DLL\ 
4/15/2015 12:24:59 PM ... extract file XtraEditors\MiscLibraryFiles\DevExpress.XtraEditors.Installer.v8.3.dll --> C:\Program Files (x86)\Developer Express .NET v8.3\System\XtraEditors\ 
4/15/2015 12:24:59 PM ... extract file XtraEditorsRuntime\ComponentLibrary\DevExpress.XtraEditors.v8.3.dll --> C:\Program Files (x86)\Developer Express .NET v8.3\Sources\DevExpress.DLL\ 
4/15/2015 12:24:59 PM ... extract file XtraGauges\ComponentLibrary\DevExpress.XtraGauges.v8.3.Design.Win.dll --> C:\Program Files (x86)\Developer Express .NET v8.3\Sources\DevExpress.DLL\ 
4/15/2015 12:24:59 PM ... extract file XtraGaugesCore\ComponentLibrary\DevExpress.XtraGauges.v8.3.Core.dll --> C:\Program Files (x86)\Developer Express .NET v8.3\Sources\DevExpress.DLL\ 
4/15/2015 12:24:59 PM ... extract file XtraGaugesCore\ComponentLibrary\DevExpress.XtraGauges.v8.3.Core.xml --> C:\Program Files (x86)\Developer Express .NET v8.3\Sources\DevExpress.DLL\ 
4/15/2015 12:24:59 PM ... extract file XtraGaugesPresets\ComponentLibrary\DevExpress.XtraGauges.v8.3.Presets.dll --> C:\Program Files (x86)\Developer Express .NET v8.3\Sources\DevExpress.DLL\ 
4/15/2015 12:24:59 PM ... extract file XtraGaugesRuntime\ComponentLibrary\DevExpress.XtraGauges.v8.3.Win.dll --> C:\Program Files (x86)\Developer Express .NET v8.3\Sources\DevExpress.DLL\ 
4/15/2015 12:24:59 PM ... extract file XtraGaugesRuntime\ComponentLibrary\DevExpress.XtraGauges.v8.3.Win.xml --> C:\Program Files (x86)\Developer Express .NET v8.3\Sources\DevExpress.DLL\ 
4/15/2015 12:24:59 PM ... extract file XtraGrid\ComponentLibrary\DevExpress.XtraGrid.v8.3.Design.dll --> C:\Program Files (x86)\Developer Express .NET v8.3\Sources\DevExpress.DLL\ 
4/15/2015 12:24:59 PM ... extract file XtraGrid\ComponentLibrary\DevExpress.XtraGrid.v8.3.xml --> C:\Program Files (x86)\Developer Express .NET v8.3\Sources\DevExpress.DLL\ 
4/15/2015 12:24:59 PM ... extract file XtraGrid\SystemLibraryFiles\DevExpress.XtraGrid.Appearances.xml --> C:\Windows\system32 
4/15/2015 12:24:59 PM ... extract file XtraGridRuntime\ComponentLibrary\DevExpress.XtraGrid.v8.3.dll --> C:\Program Files (x86)\Developer Express .NET v8.3\Sources\DevExpress.DLL\ 
4/15/2015 12:24:59 PM ... extract file XtraLayout\ComponentLibrary\DevExpress.XtraLayout.v8.3.Design.dll --> C:\Program Files (x86)\Developer Express .NET v8.3\Sources\DevExpress.DLL\ 
4/15/2015 12:24:59 PM ... extract file XtraLayout\ComponentLibrary\DevExpress.XtraLayout.v8.3.xml --> C:\Program Files (x86)\Developer Express .NET v8.3\Sources\DevExpress.DLL\ 
4/15/2015 12:24:59 PM ... extract file XtraLayoutRuntime\ComponentLibrary\DevExpress.XtraLayout.v8.3.dll --> C:\Program Files (x86)\Developer Express .NET v8.3\Sources\DevExpress.DLL\ 
4/15/2015 12:24:59 PM ... extract file XtraNavBar\ComponentLibrary\DevExpress.XtraNavBar.v8.3.Design.dll --> C:\Program Files (x86)\Developer Express .NET v8.3\Sources\DevExpress.DLL\ 
4/15/2015 12:24:59 PM ... extract file XtraNavBar\ComponentLibrary\DevExpress.XtraNavBar.v8.3.xml --> C:\Program Files (x86)\Developer Express .NET v8.3\Sources\DevExpress.DLL\ 
4/15/2015 12:24:59 PM ... extract file XtraNavBarRunTime\ComponentLibrary\DevExpress.XtraNavBar.v8.3.dll --> C:\Program Files (x86)\Developer Express .NET v8.3\Sources\DevExpress.DLL\ 
4/15/2015 12:24:59 PM ... extract file XtraPivotGrid\ComponentLibrary\DevExpress.XtraPivotGrid.v8.3.Design.dll --> C:\Program Files (x86)\Developer Express .NET v8.3\Sources\DevExpress.DLL\ 
4/15/2015 12:24:59 PM ... extract file XtraPivotGridCoreRuntime\ComponentLibrary\DevExpress.XtraPivotGrid.v8.3.Core.dll --> C:\Program Files (x86)\Developer Express .NET v8.3\Sources\DevExpress.DLL\ 
4/15/2015 12:24:59 PM ... extract file XtraPivotGridCoreRuntime\ComponentLibrary\DevExpress.XtraPivotGrid.v8.3.Core.xml --> C:\Program Files (x86)\Developer Express .NET v8.3\Sources\DevExpress.DLL\ 
4/15/2015 12:24:59 PM ... extract file XtraPivotGridRuntime\ComponentLibrary\DevExpress.XtraPivotGrid.v8.3.dll --> C:\Program Files (x86)\Developer Express .NET v8.3\Sources\DevExpress.DLL\ 
4/15/2015 12:24:59 PM ... extract file XtraPivotGridRuntime\ComponentLibrary\DevExpress.XtraPivotGrid.v8.3.xml --> C:\Program Files (x86)\Developer Express .NET v8.3\Sources\DevExpress.DLL\ 
4/15/2015 12:24:59 PM ... extract file XtraPrintingSystem\ComponentLibrary\DevExpress.XtraPrinting.v8.3.Design.dll --> C:\Program Files (x86)\Developer Express .NET v8.3\Sources\DevExpress.DLL\ 
4/15/2015 12:24:59 PM ... extract file XtraPrintingSystem\ComponentLibrary\DevExpress.XtraPrinting.v8.3.xml --> C:\Program Files (x86)\Developer Express .NET v8.3\Sources\DevExpress.DLL\ 
4/15/2015 12:24:59 PM ... extract file XtraPrintingRuntime\ComponentLibrary\DevExpress.XtraPrinting.v8.3.dll --> C:\Program Files (x86)\Developer Express .NET v8.3\Sources\DevExpress.DLL\ 
4/15/2015 12:24:59 PM ... extract file XtraReports\ComponentLibrary\DevExpress.XtraReports.v8.3.dll --> C:\Program Files (x86)\Developer Express .NET v8.3\Sources\DevExpress.DLL\ 
4/15/2015 12:24:59 PM ... extract file XtraReports\ComponentLibrary\DevExpress.XtraReports.v8.3.Web.dll --> C:\Program Files (x86)\Developer Express .NET v8.3\Sources\DevExpress.DLL\ 
4/15/2015 12:24:59 PM ... extract file XtraReports\ComponentLibrary\DevExpress.XtraReports.v8.3.Design.dll --> C:\Program Files (x86)\Developer Express .NET v8.3\Sources\DevExpress.DLL\ 
4/15/2015 12:24:59 PM ... extract file XtraReports\ComponentLibrary\DevExpress.XtraReports.v8.3.Import.dll --> C:\Program Files (x86)\Developer Express .NET v8.3\Sources\DevExpress.DLL\ 
4/15/2015 12:24:59 PM ... extract file XtraReports\ComponentLibrary\DevExpress.XtraReports.v8.3.xml --> C:\Program Files (x86)\Developer Express .NET v8.3\Sources\DevExpress.DLL\ 
4/15/2015 12:24:59 PM ... extract file XtraReports\ComponentLibrary\DevExpress.XtraReports.v8.3.Web.xml --> C:\Program Files (x86)\Developer Express .NET v8.3\Sources\DevExpress.DLL\ 
4/15/2015 12:24:59 PM ... extract file XtraReports\MiscLibraryFiles\XtraReportsInstaller.dll --> C:\Program Files (x86)\Developer Express .NET v8.3\System\XtraReports\ 
4/15/2015 12:24:59 PM ... grant permission: C:\Program Files (x86)\Developer Express .NET v8.3\Demos\XtraReports\CS\ReportWebDemo
4/15/2015 12:24:59 PM ... grant permission: C:\Program Files (x86)\Developer Express .NET v8.3\Demos\XtraReports\VB\ReportWebDemo
4/15/2015 12:24:59 PM ... grant permission: C:\Program Files (x86)\Developer Express .NET v8.3\Demos\XtraReports\ReportWebDemo
4/15/2015 12:24:59 PM ... extract file XtraRichEdit\ComponentLibrary\DevExpress.XtraRichEdit.v8.3.Design.dll --> C:\Program Files (x86)\Developer Express .NET v8.3\Sources\DevExpress.DLL\ 
4/15/2015 12:24:59 PM ... extract file XtraRichEdit\ComponentLibrary\DevExpress.XtraRichEdit.v8.3.Extensions.dll --> C:\Program Files (x86)\Developer Express .NET v8.3\Sources\DevExpress.DLL\ 
4/15/2015 12:24:59 PM ... extract file XtraRichEdit\ComponentLibrary\DevExpress.XtraRichEdit.v8.3.Extensions.xml --> C:\Program Files (x86)\Developer Express .NET v8.3\Sources\DevExpress.DLL\ 
4/15/2015 12:24:59 PM ... extract file XtraRichEditRuntime\ComponentLibrary\DevExpress.XtraRichEdit.v8.3.dll --> C:\Program Files (x86)\Developer Express .NET v8.3\Sources\DevExpress.DLL\ 
4/15/2015 12:24:59 PM ... extract file XtraRichEditRuntime\ComponentLibrary\DevExpress.XtraRichEdit.v8.3.xml --> C:\Program Files (x86)\Developer Express .NET v8.3\Sources\DevExpress.DLL\ 
4/15/2015 12:24:59 PM ... extract file XtraScheduler\ComponentLibrary\DevExpress.XtraScheduler.v8.3.dll --> C:\Program Files (x86)\Developer Express .NET v8.3\Sources\DevExpress.DLL\ 
4/15/2015 12:24:59 PM ... extract file XtraScheduler\ComponentLibrary\DevExpress.XtraScheduler.v8.3.Design.dll --> C:\Program Files (x86)\Developer Express .NET v8.3\Sources\DevExpress.DLL\ 
4/15/2015 12:24:59 PM ... extract file XtraScheduler\ComponentLibrary\DevExpress.XtraScheduler.v8.3.Extensions.dll --> C:\Program Files (x86)\Developer Express .NET v8.3\Sources\DevExpress.DLL\ 
4/15/2015 12:24:59 PM ... extract file XtraScheduler\ComponentLibrary\DevExpress.XtraScheduler.v8.3.OutlookExchange.dll --> C:\Program Files (x86)\Developer Express .NET v8.3\Sources\DevExpress.DLL\ 
4/15/2015 12:24:59 PM ... extract file XtraScheduler\ComponentLibrary\DevExpress.XtraScheduler.v8.3.VCalendarExchange.dll --> C:\Program Files (x86)\Developer Express .NET v8.3\Sources\DevExpress.DLL\ 
4/15/2015 12:24:59 PM ... extract file XtraScheduler\ComponentLibrary\DevExpress.XtraScheduler.v8.3.iCalendarExchange.dll --> C:\Program Files (x86)\Developer Express .NET v8.3\Sources\DevExpress.DLL\ 
4/15/2015 12:24:59 PM ... extract file XtraScheduler\ComponentLibrary\DevExpress.XtraScheduler.v8.3.Printing.dll --> C:\Program Files (x86)\Developer Express .NET v8.3\Sources\DevExpress.DLL\ 
4/15/2015 12:24:59 PM ... extract file XtraScheduler\ComponentLibrary\DevExpress.XtraScheduler.v8.3.xml --> C:\Program Files (x86)\Developer Express .NET v8.3\Sources\DevExpress.DLL\ 
4/15/2015 12:24:59 PM ... extract file XtraScheduler\ComponentLibrary\DevExpress.XtraScheduler.v8.3.Extensions.xml --> C:\Program Files (x86)\Developer Express .NET v8.3\Sources\DevExpress.DLL\ 
4/15/2015 12:24:59 PM ... extract file XtraScheduler\ComponentLibrary\DevExpress.XtraScheduler.v8.3.iCalendarExchange.xml --> C:\Program Files (x86)\Developer Express .NET v8.3\Sources\DevExpress.DLL\ 
4/15/2015 12:24:59 PM ... extract file XtraSchedulerCore\ComponentLibrary\DevExpress.XtraScheduler.v8.3.Core.dll --> C:\Program Files (x86)\Developer Express .NET v8.3\Sources\DevExpress.DLL\ 
4/15/2015 12:24:59 PM ... extract file XtraSchedulerCore\ComponentLibrary\DevExpress.XtraScheduler.v8.3.Core.xml --> C:\Program Files (x86)\Developer Express .NET v8.3\Sources\DevExpress.DLL\ 
4/15/2015 12:24:59 PM ... extract file XtraSpellChecker\ComponentLibrary\DevExpress.XtraSpellChecker.v8.3.Design.dll --> C:\Program Files (x86)\Developer Express .NET v8.3\Sources\DevExpress.DLL\ 
4/15/2015 12:24:59 PM ... extract file XtraSpellChecker\ComponentLibrary\DevExpress.XtraSpellChecker.v8.3.xml --> C:\Program Files (x86)\Developer Express .NET v8.3\Sources\DevExpress.DLL\ 
4/15/2015 12:24:59 PM ... extract file XtraSpellChecker\ComponentLibrary\DevExpress.XtraSpellChecker.v8.3.Core.xml --> C:\Program Files (x86)\Developer Express .NET v8.3\Sources\DevExpress.DLL\ 
4/15/2015 12:24:59 PM ... extract file XtraSpellCheckerRuntime\ComponentLibrary\DevExpress.XtraSpellChecker.v8.3.Core.dll --> C:\Program Files (x86)\Developer Express .NET v8.3\Sources\DevExpress.DLL\ 
4/15/2015 12:24:59 PM ... extract file XtraSpellCheckerRuntime\ComponentLibrary\DevExpress.XtraSpellChecker.v8.3.dll --> C:\Program Files (x86)\Developer Express .NET v8.3\Sources\DevExpress.DLL\ 
4/15/2015 12:24:59 PM ... extract file XtraTreeList\ComponentLibrary\DevExpress.XtraTreeList.v8.3.Design.dll --> C:\Program Files (x86)\Developer Express .NET v8.3\Sources\DevExpress.DLL\ 
4/15/2015 12:24:59 PM ... extract file XtraTreeList\ComponentLibrary\DevExpress.XtraTreeList.v8.3.xml --> C:\Program Files (x86)\Developer Express .NET v8.3\Sources\DevExpress.DLL\ 
4/15/2015 12:24:59 PM ... extract file XtraTreeList\SystemLibraryFiles\DevExpress.XtraTreeList.Appearances.xml --> C:\Windows\system32 
4/15/2015 12:24:59 PM ... extract file XtraTreeListRuntime\ComponentLibrary\DevExpress.XtraTreeList.v8.3.dll --> C:\Program Files (x86)\Developer Express .NET v8.3\Sources\DevExpress.DLL\ 
4/15/2015 12:24:59 PM ... extract file XtraVerticalGrid\ComponentLibrary\DevExpress.XtraVerticalGrid.v8.3.Design.dll --> C:\Program Files (x86)\Developer Express .NET v8.3\Sources\DevExpress.DLL\ 
4/15/2015 12:24:59 PM ... extract file XtraVerticalGrid\ComponentLibrary\DevExpress.XtraVerticalGrid.v8.3.xml --> C:\Program Files (x86)\Developer Express .NET v8.3\Sources\DevExpress.DLL\ 
4/15/2015 12:24:59 PM ... extract file XtraVerticalGrid\SystemLibraryFiles\DevExpress.XtraVerticalGrid.Appearances.xml --> C:\Windows\system32 
4/15/2015 12:24:59 PM ... extract file XtraVerticalGridRuntime\ComponentLibrary\DevExpress.XtraVerticalGrid.v8.3.dll --> C:\Program Files (x86)\Developer Express .NET v8.3\Sources\DevExpress.DLL\ 
4/15/2015 12:24:59 PM ... extract file XtraWizard\ComponentLibrary\DevExpress.XtraWizard.v8.3.xml --> C:\Program Files (x86)\Developer Express .NET v8.3\Sources\DevExpress.DLL\ 
4/15/2015 12:24:59 PM ... extract file XtraWizardRuntime\ComponentLibrary\DevExpress.XtraWizard.v8.3.dll --> C:\Program Files (x86)\Developer Express .NET v8.3\Sources\DevExpress.DLL\ 
4/15/2015 12:24:59 PM ... extract file XPO\ComponentLibrary\DevExpress.Xpo.v8.3.dll --> C:\Program Files (x86)\Developer Express .NET v8.3\Sources\DevExpress.DLL\ 
4/15/2015 12:24:59 PM ... extract file XPO\ComponentLibrary\DevExpress.Xpo.v8.3.Linq.dll --> C:\Program Files (x86)\Developer Express .NET v8.3\Sources\DevExpress.DLL\ 
4/15/2015 12:24:59 PM ... extract file XPO\ComponentLibrary\DevExpress.Xpo.v8.3.Providers.dll --> C:\Program Files (x86)\Developer Express .NET v8.3\Sources\DevExpress.DLL\ 
4/15/2015 12:24:59 PM ... extract file XPO\ComponentLibrary\DevExpress.Xpo.v8.3.Design.dll --> C:\Program Files (x86)\Developer Express .NET v8.3\Sources\DevExpress.DLL\ 
4/15/2015 12:24:59 PM ... extract file XPO\ComponentLibrary\DevExpress.AgXpo.v8.3.dll --> C:\Program Files (x86)\Developer Express .NET v8.3\Bin\Silverlight\ 
4/15/2015 12:24:59 PM ... extract file XPO\ComponentLibrary\DevExpress.Xpo.v8.3.Compact.dll --> C:\Program Files (x86)\Developer Express .NET v8.3\Sources\DevExpress.DLL\ 
4/15/2015 12:24:59 PM ... extract file XPO\ComponentLibrary\DevExpress.Xpo.v8.3.Providers.Compact.dll --> C:\Program Files (x86)\Developer Express .NET v8.3\Sources\DevExpress.DLL\ 
4/15/2015 12:24:59 PM ... extract file XPO\ComponentLibrary\DevExpress.Xpo.v8.3.xml --> C:\Program Files (x86)\Developer Express .NET v8.3\Sources\DevExpress.DLL\ 
4/15/2015 12:24:59 PM ... extract dir XPO\SourceCodeShared\DevExpress.Xpo --> C:\Program Files (x86)\Developer Express .NET v8.3\Sources\DevExpress.Xpo 
4/15/2015 12:24:59 PM ... extract dir XPO\SourceCodeShared\DevExpress.Xpo\DevExpress.Xpo.Providers --> C:\Program Files (x86)\Developer Express .NET v8.3\Sources\DevExpress.Xpo\DevExpress.Xpo.Providers 
4/15/2015 12:24:59 PM ... extract dir XPO\SourceCodeShared\DevExpress.Xpo\DevExpress.Xpo.Providers.Compact --> C:\Program Files (x86)\Developer Express .NET v8.3\Sources\DevExpress.Xpo\DevExpress.Xpo.Providers.Compact 
4/15/2015 12:24:59 PM ... extract file XPO\MiscLibraryFiles\DevExpress.Xpo.v8.3.Installer.dll --> C:\Program Files (x86)\Developer Express .NET v8.3\System\XPO\ 
4/15/2015 12:27:15 PM ::: !!! Processed file count - 96268
4/15/2015 12:27:15 PM <<<<<<<<<<<<< UpdateFiles
4/15/2015 12:27:17 PM >>>>>>>>>>>>> UpdateToolbox
4/15/2015 12:27:17 PM ... /Q  /APP:ASPxEditors;ASPxGauges;ASPxGridView;ASPxHtmlEditor;ASPxPivotGrid;ASPxScheduler;ASPxSpellChecker;ASPxTreeList;ASPxperience;DXCarousel;DXCharts;DXGrid;DXNavBar;XtraBars;XtraCharts;XtraEditors;XtraGauges;XtraGrid;XtraGridRuntime;XtraLayout;XtraNavBar;XtraPivotGrid;XtraPivotGridCore;XtraPivotGridCoreRuntime;XtraPivotGridRuntime;XtraPrintingSystem;XtraReports;XtraRichEdit;XtraScheduler;XtraSpellChecker;XtraTreeList;XtraVerticalGrid;XtraWizard;XtraWizardRuntime;XPO /PATH:"C:\Program Files (x86)\Developer Express .NET v8.3\Sources\DevExpress.DLL\"
4/15/2015 12:27:17 PM ::: ExecuteApp: C:\Program Files (x86)\Developer Express .NET v8.3\Tools\toolboxcreator.exe /Q  /APP:ASPxEditors;ASPxGauges;ASPxGridView;ASPxHtmlEditor;ASPxPivotGrid;ASPxScheduler;ASPxSpellChecker;ASPxTreeList;ASPxperience;DXCarousel;DXCharts;DXGrid;DXNavBar;XtraBars;XtraCharts;XtraEditors;XtraGauges;XtraGrid;XtraGridRuntime;XtraLayout;XtraNavBar;XtraPivotGrid;XtraPivotGridCore;XtraPivotGridCoreRuntime;XtraPivotGridRuntime;XtraPrintingSystem;XtraReports;XtraRichEdit;XtraScheduler;XtraSpellChecker;XtraTreeList;XtraVerticalGrid;XtraWizard;XtraWizardRuntime;XPO /PATH:"C:\Program Files (x86)\Developer Express .NET v8.3\Sources\DevExpress.DLL\" 
4/15/2015 12:27:17 PM ... process created
4/15/2015 12:27:17 PM ... read process output
4/15/2015 12:27:17 PM ::: Adding
App Names - ASPxEditors;ASPxGauges;ASPxGridView;ASPxHtmlEditor;ASPxPivotGrid;ASPxScheduler;ASPxSpellChecker;ASPxTreeList;ASPxperience;DXCarousel;DXCharts;DXGrid;DXNavBar;XtraBars;XtraCharts;XtraEditors;XtraGauges;XtraGrid;XtraGridRuntime;XtraLayout;XtraNavBar;XtraPivotGrid;XtraPivotGridCore;XtraPivotGridCoreRuntime;XtraPivotGridRuntime;XtraPrintingSystem;XtraReports;XtraRichEdit;XtraScheduler;XtraSpellChecker;XtraTreeList;XtraVerticalGrid;XtraWizard;XtraWizardRuntime;XPO
Adding
Assembly Path = C:\Program Files (x86)\Developer Express .NET v8.3\Sources\DevExpress.DLL
Adding
Version - v8.3
VS 2005 not found
VS 2008 not found

4/15/2015 12:27:17 PM ... waiting termination
4/15/2015 12:27:17 PM ... process terminated
4/15/2015 12:27:17 PM <<<<<<<<<<<<< UpdateToolbox
4/15/2015 12:27:17 PM >>>>>>>>>>>>> UpdateComInterop
4/15/2015 12:27:17 PM <<<<<<<<<<<<< UpdateComInterop
4/15/2015 12:27:17 PM >>>>>>>>>>>>> UpdateInstallers
4/15/2015 12:27:17 PM ::: ExecuteApp: C:\Windows\Microsoft.NET\Framework\v2.0.50727\InstallUtil.exe /LogToConsole=true /LogFile= /ShowCallStack /InstallDir="C:\Program Files (x86)\Developer Express .NET v8.3" /Version="8.3.8" "C:\Program Files (x86)\Developer Express .NET v8.3\System\XtraEditors\DevExpress.XtraEditors.Installer.v8.3.dll" 
4/15/2015 12:27:17 PM ... process created
4/15/2015 12:27:17 PM ... read process output
4/15/2015 12:27:17 PM ::: Microsoft (R) .NET Framework Installation utility Version 2.0.50727.7905
Copyright (c) Microsoft Corporation.  All rights reserved.


Running a transacted installation.

Beginning the Install phase of the installation.
See the contents of the log file for the C:\Program Files (x86)\Developer Express .NET v8.3\System\XtraEditors\DevExpress.XtraEditors.Installer.v8.3.dll assembly's progress.
The file is located at .
Installing assembly 'C:\Program Files (x86)\Developer Express .NET v8.3\System\XtraEditors\DevExpress.XtraEditors.Installer.v8.3.dll'.
Affected parameters are:
   installdir = C:\Program Files (x86)\Developer Express .NET v8.3
   logtoconsole = true
   version = 8.3.8
   assemblypath = C:\Program Files (x86)\Developer Express .NET v8.3\System\XtraEditors\DevExpress.XtraEditors.Installer.v8.3.dll
   showcallstack = 
   logfile = 
2015.04.15 12.27.17	XtraEditorsInstaller2005	>	Install
2015.04.15 12.27.17	XtraEditorsInstaller2005	>	InternalInstall
2015.04.15 12.27.17	XtraEditorsInstaller2005	<	InternalInstall
2015.04.15 12.27.17	XtraEditorsInstaller2005	<	Install

The Install phase completed successfully, and the Commit phase is beginning.
See the contents of the log file for the C:\Program Files (x86)\Developer Express .NET v8.3\System\XtraEditors\DevExpress.XtraEditors.Installer.v8.3.dll assembly's progress.
The file is located at .
Committing assembly 'C:\Program Files (x86)\Developer Express .NET v8.3\System\XtraEditors\DevExpress.XtraEditors.Installer.v8.3.dll'.
Affected parameters are:
   installdir = C:\Program Files (x86)\Developer Express .NET v8.3
   logtoconsole = true
   version = 8.3.8
   assemblypath = C:\Program Files (x86)\Developer Express .NET v8.3\System\XtraEditors\DevExpress.XtraEditors.Installer.v8.3.dll
   showcallstack = 
   logfile = 

The Commit phase completed successfully.

The transacted install has completed.

4/15/2015 12:27:17 PM ... waiting termination
4/15/2015 12:27:17 PM ... process terminated
4/15/2015 12:27:17 PM ::: ExecuteApp: C:\Windows\Microsoft.NET\Framework\v2.0.50727\InstallUtil.exe /LogToConsole=true /LogFile= /ShowCallStack /InstallDir="C:\Program Files (x86)\Developer Express .NET v8.3" /Version="8.3.8" "C:\Program Files (x86)\Developer Express .NET v8.3\System\XtraReports\XtraReportsInstaller.dll" 
4/15/2015 12:27:17 PM ... process created
4/15/2015 12:27:17 PM ... read process output
4/15/2015 12:27:17 PM ::: Microsoft (R) .NET Framework Installation utility Version 2.0.50727.7905
Copyright (c) Microsoft Corporation.  All rights reserved.


Running a transacted installation.

Beginning the Install phase of the installation.
See the contents of the log file for the C:\Program Files (x86)\Developer Express .NET v8.3\System\XtraReports\XtraReportsInstaller.dll assembly's progress.
The file is located at .
Installing assembly 'C:\Program Files (x86)\Developer Express .NET v8.3\System\XtraReports\XtraReportsInstaller.dll'.
Affected parameters are:
   installdir = C:\Program Files (x86)\Developer Express .NET v8.3
   logtoconsole = true
   version = 8.3.8
   assemblypath = C:\Program Files (x86)\Developer Express .NET v8.3\System\XtraReports\XtraReportsInstaller.dll
   showcallstack = 
   logfile = 
2015.04.15 12.27.17	XtraReportsInstallerWhidbey	>	Install
2015.04.15 12.27.17	XtraReportsInstallerWhidbey	>	Install
2015.04.15 12.27.17	XtraReportsInstallerWhidbey	>	InternalInstall
2015.04.15 12.27.17	XtraReportsInstallerWhidbey	<	InternalInstall
2015.04.15 12.27.17	XtraReportsInstallerWhidbey	<	Install
2015.04.15 12.27.17	XtraReportsInstallerWhidbey	<	Install

The Install phase completed successfully, and the Commit phase is beginning.
See the contents of the log file for the C:\Program Files (x86)\Developer Express .NET v8.3\System\XtraReports\XtraReportsInstaller.dll assembly's progress.
The file is located at .
Committing assembly 'C:\Program Files (x86)\Developer Express .NET v8.3\System\XtraReports\XtraReportsInstaller.dll'.
Affected parameters are:
   installdir = C:\Program Files (x86)\Developer Express .NET v8.3
   logtoconsole = true
   version = 8.3.8
   assemblypath = C:\Program Files (x86)\Developer Express .NET v8.3\System\XtraReports\XtraReportsInstaller.dll
   showcallstack = 
   logfile = 

The Commit phase completed successfully.

The transacted install has completed.

4/15/2015 12:27:17 PM ... waiting termination
4/15/2015 12:27:17 PM ... process terminated
4/15/2015 12:27:17 PM ::: ExecuteApp: C:\Windows\Microsoft.NET\Framework\v2.0.50727\InstallUtil.exe /LogToConsole=true /LogFile= /ShowCallStack /InstallDir="C:\Program Files (x86)\Developer Express .NET v8.3" /Version="8.3.8" "C:\Program Files (x86)\Developer Express .NET v8.3\System\XPO\DevExpress.Xpo.v8.3.Installer.dll" 
4/15/2015 12:27:17 PM ... process created
4/15/2015 12:27:17 PM ... read process output
4/15/2015 12:27:17 PM ::: Microsoft (R) .NET Framework Installation utility Version 2.0.50727.7905
Copyright (c) Microsoft Corporation.  All rights reserved.


Running a transacted installation.

Beginning the Install phase of the installation.
See the contents of the log file for the C:\Program Files (x86)\Developer Express .NET v8.3\System\XPO\DevExpress.Xpo.v8.3.Installer.dll assembly's progress.
The file is located at .
Installing assembly 'C:\Program Files (x86)\Developer Express .NET v8.3\System\XPO\DevExpress.Xpo.v8.3.Installer.dll'.
Affected parameters are:
   installdir = C:\Program Files (x86)\Developer Express .NET v8.3
   logtoconsole = true
   version = 8.3.8
   assemblypath = C:\Program Files (x86)\Developer Express .NET v8.3\System\XPO\DevExpress.Xpo.v8.3.Installer.dll
   showcallstack = 
   logfile = 
2015.04.15 12.27.17	AddInsInstaller	>	Install
2015.04.15 12.27.17	AddInsInstaller	>	InternalInstall
2015.04.15 12.27.17	AddInsInstaller	<	InternalInstall
2015.04.15 12.27.17	AddInsInstaller	<	Install

The Install phase completed successfully, and the Commit phase is beginning.
See the contents of the log file for the C:\Program Files (x86)\Developer Express .NET v8.3\System\XPO\DevExpress.Xpo.v8.3.Installer.dll assembly's progress.
The file is located at .
Committing assembly 'C:\Program Files (x86)\Developer Express .NET v8.3\System\XPO\DevExpress.Xpo.v8.3.Installer.dll'.
Affected parameters are:
   installdir = C:\Program Files (x86)\Developer Express .NET v8.3
   logtoconsole = true
   version = 8.3.8
   assemblypath = C:\Program Files (x86)\Developer Express .NET v8.3\System\XPO\DevExpress.Xpo.v8.3.Installer.dll
   showcallstack = 
   logfile = 

The Commit phase completed successfully.

The transacted install has completed.

4/15/2015 12:27:17 PM ... waiting termination
4/15/2015 12:27:17 PM ... process terminated
4/15/2015 12:27:17 PM <<<<<<<<<<<<< UpdateInstallers
4/15/2015 12:27:17 PM >>>>>>>>>>>>> Update VSTemplates
4/15/2015 12:27:17 PM ::: ExecuteApp: C:\Program Files (x86)\Microsoft Visual Studio 10.0\Common7\IDE\devenv.exe /InstallVSTemplates 
4/15/2015 12:27:17 PM ... process created
4/15/2015 12:27:17 PM ... read process output
4/15/2015 12:27:18 PM ::: 
4/15/2015 12:27:18 PM ... waiting termination
4/15/2015 12:27:18 PM ... process terminated
4/15/2015 12:27:18 PM <<<<<<<<<<<<< Update VSTemplates
4/15/2015 12:27:18 PM >>>>>>>>>>>>> UpdateInfo
4/15/2015 12:27:18 PM ... create virtdir: ASPxGaugesDemos_v8_3=C:\Program Files (x86)\Developer Express .NET v8.3\Demos\ASPxGauges
4/15/2015 12:27:18 PM *********************[Error]*********************
CreateVirtualDirectory call failed - -2147024894
*************************************************
4/15/2015 12:27:18 PM ... create virtdir: ASPxGaugesDemos_v8_3/CS/ASPxGaugesDemos=C:\Program Files (x86)\Developer Express .NET v8.3\Demos\ASPxGauges\CS\ASPxGaugesDemos
4/15/2015 12:27:18 PM *********************[Error]*********************
CreateVirtualDirectory call failed - -2147024894
*************************************************
4/15/2015 12:27:18 PM ... create virtdir: ASPxGaugesDemos_v8_3/VB/ASPxGaugesDemos=C:\Program Files (x86)\Developer Express .NET v8.3\Demos\ASPxGauges\VB\ASPxGaugesDemos
4/15/2015 12:27:18 PM *********************[Error]*********************
CreateVirtualDirectory call failed - -2147024894
*************************************************
4/15/2015 12:27:18 PM ... create virtdir: ASPxGaugesDemos_v8_3/ASPxGaugesDemos=C:\Program Files (x86)\Developer Express .NET v8.3\Demos\ASPxGauges\ASPxGaugesDemos
4/15/2015 12:27:18 PM *********************[Error]*********************
CreateVirtualDirectory call failed - -2147024894
*************************************************
4/15/2015 12:27:18 PM ... create virtdir: ASPxGridViewDemos_v8_3=C:\Program Files (x86)\Developer Express .NET v8.3\Demos\ASPxGridView
4/15/2015 12:27:18 PM *********************[Error]*********************
CreateVirtualDirectory call failed - -2147024894
*************************************************
4/15/2015 12:27:18 PM ... create virtdir: ASPxGridViewDemos_v8_3/CS/ASPxGridViewDemos=C:\Program Files (x86)\Developer Express .NET v8.3\Demos\ASPxGridView\CS\ASPxGridViewDemos
4/15/2015 12:27:18 PM *********************[Error]*********************
CreateVirtualDirectory call failed - -2147024894
*************************************************
4/15/2015 12:27:18 PM ... create virtdir: ASPxGridViewDemos_v8_3/VB/ASPxGridViewDemos=C:\Program Files (x86)\Developer Express .NET v8.3\Demos\ASPxGridView\VB\ASPxGridViewDemos
4/15/2015 12:27:18 PM *********************[Error]*********************
CreateVirtualDirectory call failed - -2147024894
*************************************************
4/15/2015 12:27:18 PM ... create virtdir: ASPxGridViewDemos_v8_3/ASPxGridViewDemos=C:\Program Files (x86)\Developer Express .NET v8.3\Demos\ASPxGridView\ASPxGridViewDemos
4/15/2015 12:27:18 PM *********************[Error]*********************
CreateVirtualDirectory call failed - -2147024894
*************************************************
4/15/2015 12:27:18 PM ... create virtdir: ASPxHtmlEditorDemos_v8_3=C:\Program Files (x86)\Developer Express .NET v8.3\Demos\ASPxHtmlEditor
4/15/2015 12:27:18 PM *********************[Error]*********************
CreateVirtualDirectory call failed - -2147024894
*************************************************
4/15/2015 12:27:18 PM ... create virtdir: ASPxHtmlEditorDemos_v8_3/CS/ASPxHtmlEditorDemos=C:\Program Files (x86)\Developer Express .NET v8.3\Demos\ASPxHtmlEditor\CS\ASPxHtmlEditorDemos
4/15/2015 12:27:18 PM *********************[Error]*********************
CreateVirtualDirectory call failed - -2147024894
*************************************************
4/15/2015 12:27:18 PM ... create virtdir: ASPxHtmlEditorDemos_v8_3/VB/ASPxHtmlEditorDemos=C:\Program Files (x86)\Developer Express .NET v8.3\Demos\ASPxHtmlEditor\VB\ASPxHtmlEditorDemos
4/15/2015 12:27:18 PM *********************[Error]*********************
CreateVirtualDirectory call failed - -2147024894
*************************************************
4/15/2015 12:27:18 PM ... create virtdir: ASPxHtmlEditorDemos_v8_3/ASPxHtmlEditorDemos=C:\Program Files (x86)\Developer Express .NET v8.3\Demos\ASPxHtmlEditor\ASPxHtmlEditorDemos
4/15/2015 12:27:18 PM *********************[Error]*********************
CreateVirtualDirectory call failed - -2147024894
*************************************************
4/15/2015 12:27:18 PM ... create virtdir: ASPxPivotGridDemos_v8_3=C:\Program Files (x86)\Developer Express .NET v8.3\Demos\ASPxPivotGrid
4/15/2015 12:27:18 PM *********************[Error]*********************
CreateVirtualDirectory call failed - -2147024894
*************************************************
4/15/2015 12:27:18 PM ... create virtdir: ASPxPivotGridDemos_v8_3/CS/ASPxPivotGridDemos=C:\Program Files (x86)\Developer Express .NET v8.3\Demos\ASPxPivotGrid\CS\ASPxPivotGridDemos
4/15/2015 12:27:18 PM *********************[Error]*********************
CreateVirtualDirectory call failed - -2147024894
*************************************************
4/15/2015 12:27:18 PM ... create virtdir: ASPxPivotGridDemos_v8_3/VB/ASPxPivotGridDemos=C:\Program Files (x86)\Developer Express .NET v8.3\Demos\ASPxPivotGrid\VB\ASPxPivotGridDemos
4/15/2015 12:27:18 PM *********************[Error]*********************
CreateVirtualDirectory call failed - -2147024894
*************************************************
4/15/2015 12:27:18 PM ... create virtdir: ASPxPivotGridDemos_v8_3/ASPxPivotGridDemos=C:\Program Files (x86)\Developer Express .NET v8.3\Demos\ASPxPivotGrid\ASPxPivotGridDemos
4/15/2015 12:27:18 PM *********************[Error]*********************
CreateVirtualDirectory call failed - -2147024894
*************************************************
4/15/2015 12:27:18 PM ... create virtdir: ASPxSchedulerDemos_v8_3=C:\Program Files (x86)\Developer Express .NET v8.3\Demos\ASPxScheduler
4/15/2015 12:27:18 PM *********************[Error]*********************
CreateVirtualDirectory call failed - -2147024894
*************************************************
4/15/2015 12:27:18 PM ... create virtdir: ASPxSchedulerDemos_v8_3/CS/ASPxSchedulerDemos=C:\Program Files (x86)\Developer Express .NET v8.3\Demos\ASPxScheduler\CS\ASPxSchedulerDemos
4/15/2015 12:27:18 PM *********************[Error]*********************
CreateVirtualDirectory call failed - -2147024894
*************************************************
4/15/2015 12:27:18 PM ... create virtdir: ASPxSchedulerDemos_v8_3/VB/ASPxSchedulerDemos=C:\Program Files (x86)\Developer Express .NET v8.3\Demos\ASPxScheduler\VB\ASPxSchedulerDemos
4/15/2015 12:27:18 PM *********************[Error]*********************
CreateVirtualDirectory call failed - -2147024894
*************************************************
4/15/2015 12:27:18 PM ... create virtdir: ASPxSchedulerDemos_v8_3/ASPxSchedulerDemos=C:\Program Files (x86)\Developer Express .NET v8.3\Demos\ASPxScheduler\ASPxSchedulerDemos
4/15/2015 12:27:18 PM *********************[Error]*********************
CreateVirtualDirectory call failed - -2147024894
*************************************************
4/15/2015 12:27:18 PM ... create virtdir: ASPxSpellCheckerDemos_v8_3=C:\Program Files (x86)\Developer Express .NET v8.3\Demos\ASPxSpellChecker
4/15/2015 12:27:18 PM *********************[Error]*********************
CreateVirtualDirectory call failed - -2147024894
*************************************************
4/15/2015 12:27:18 PM ... create virtdir: ASPxSpellCheckerDemos_v8_3/CS/ASPxSpellCheckerDemos=C:\Program Files (x86)\Developer Express .NET v8.3\Demos\ASPxSpellChecker\CS\ASPxSpellCheckerDemos
4/15/2015 12:27:18 PM *********************[Error]*********************
CreateVirtualDirectory call failed - -2147024894
*************************************************
4/15/2015 12:27:18 PM ... create virtdir: ASPxSpellCheckerDemos_v8_3/VB/ASPxSpellCheckerDemos=C:\Program Files (x86)\Developer Express .NET v8.3\Demos\ASPxSpellChecker\VB\ASPxSpellCheckerDemos
4/15/2015 12:27:18 PM *********************[Error]*********************
CreateVirtualDirectory call failed - -2147024894
*************************************************
4/15/2015 12:27:18 PM ... create virtdir: ASPxSpellCheckerDemos_v8_3/ASPxSpellCheckerDemos=C:\Program Files (x86)\Developer Express .NET v8.3\Demos\ASPxSpellChecker\ASPxSpellCheckerDemos
4/15/2015 12:27:18 PM *********************[Error]*********************
CreateVirtualDirectory call failed - -2147024894
*************************************************
4/15/2015 12:27:18 PM ... create virtdir: ASPxTreeListDemos_v8_3=C:\Program Files (x86)\Developer Express .NET v8.3\Demos\ASPxTreeList
4/15/2015 12:27:18 PM *********************[Error]*********************
CreateVirtualDirectory call failed - -2147024894
*************************************************
4/15/2015 12:27:18 PM ... create virtdir: ASPxTreeListDemos_v8_3/CS/ASPxTreeListDemos=C:\Program Files (x86)\Developer Express .NET v8.3\Demos\ASPxTreeList\CS\ASPxTreeListDemos
4/15/2015 12:27:18 PM *********************[Error]*********************
CreateVirtualDirectory call failed - -2147024894
*************************************************
4/15/2015 12:27:18 PM ... create virtdir: ASPxTreeListDemos_v8_3/VB/ASPxTreeListDemos=C:\Program Files (x86)\Developer Express .NET v8.3\Demos\ASPxTreeList\VB\ASPxTreeListDemos
4/15/2015 12:27:18 PM *********************[Error]*********************
CreateVirtualDirectory call failed - -2147024894
*************************************************
4/15/2015 12:27:18 PM ... create virtdir: ASPxTreeListDemos_v8_3/ASPxTreeListDemos=C:\Program Files (x86)\Developer Express .NET v8.3\Demos\ASPxTreeList\ASPxTreeListDemos
4/15/2015 12:27:18 PM *********************[Error]*********************
CreateVirtualDirectory call failed - -2147024894
*************************************************
4/15/2015 12:27:18 PM ... create virtdir: ASPxperienceDemos_v8_3=C:\Program Files (x86)\Developer Express .NET v8.3\Demos\ASPxperience
4/15/2015 12:27:18 PM *********************[Error]*********************
CreateVirtualDirectory call failed - -2147024894
*************************************************
4/15/2015 12:27:18 PM ... create virtdir: ASPxperienceDemos_v8_3/CS/ASPxperienceDemos=C:\Program Files (x86)\Developer Express .NET v8.3\Demos\ASPxperience\CS\ASPxperienceDemos
4/15/2015 12:27:18 PM *********************[Error]*********************
CreateVirtualDirectory call failed - -2147024894
*************************************************
4/15/2015 12:27:18 PM ... create virtdir: ASPxperienceDemos_v8_3/VB/ASPxperienceDemos=C:\Program Files (x86)\Developer Express .NET v8.3\Demos\ASPxperience\VB\ASPxperienceDemos
4/15/2015 12:27:18 PM *********************[Error]*********************
CreateVirtualDirectory call failed - -2147024894
*************************************************
4/15/2015 12:27:18 PM ... create virtdir: ASPxperienceDemos_v8_3/ASPxperienceDemos=C:\Program Files (x86)\Developer Express .NET v8.3\Demos\ASPxperience\ASPxperienceDemos
4/15/2015 12:27:18 PM *********************[Error]*********************
CreateVirtualDirectory call failed - -2147024894
*************************************************
4/15/2015 12:27:18 PM ... create virtdir: XtraChartsDemos_v8_3=C:\Program Files (x86)\Developer Express .NET v8.3\Demos\XtraCharts
4/15/2015 12:27:18 PM *********************[Error]*********************
CreateVirtualDirectory call failed - -2147024894
*************************************************
4/15/2015 12:27:18 PM ... create virtdir: XtraChartsDemos_v8_3/CS/ChartsWebDemo=C:\Program Files (x86)\Developer Express .NET v8.3\Demos\XtraCharts\CS\ChartsWebDemo
4/15/2015 12:27:18 PM *********************[Error]*********************
CreateVirtualDirectory call failed - -2147024894
*************************************************
4/15/2015 12:27:18 PM ... create virtdir: XtraChartsDemos_v8_3/VB/ChartsWebDemo=C:\Program Files (x86)\Developer Express .NET v8.3\Demos\XtraCharts\VB\ChartsWebDemo
4/15/2015 12:27:18 PM *********************[Error]*********************
CreateVirtualDirectory call failed - -2147024894
*************************************************
4/15/2015 12:27:18 PM ... create virtdir: XtraChartsDemos_v8_3/ChartsWebDemo=C:\Program Files (x86)\Developer Express .NET v8.3\Demos\XtraCharts\ChartsWebDemo
4/15/2015 12:27:18 PM *********************[Error]*********************
CreateVirtualDirectory call failed - -2147024894
*************************************************
4/15/2015 12:27:18 PM ... create virtdir: XtraReportsDemos_v8_3=C:\Program Files (x86)\Developer Express .NET v8.3\Demos\XtraReports
4/15/2015 12:27:18 PM *********************[Error]*********************
CreateVirtualDirectory call failed - -2147024894
*************************************************
4/15/2015 12:27:18 PM ... create virtdir: XtraReportsDemos_v8_3/CS/ReportWebDemo=C:\Program Files (x86)\Developer Express .NET v8.3\Demos\XtraReports\CS\ReportWebDemo
4/15/2015 12:27:18 PM *********************[Error]*********************
CreateVirtualDirectory call failed - -2147024894
*************************************************
4/15/2015 12:27:18 PM ... create virtdir: XtraReportsDemos_v8_3/VB/ReportWebDemo=C:\Program Files (x86)\Developer Express .NET v8.3\Demos\XtraReports\VB\ReportWebDemo
4/15/2015 12:27:18 PM *********************[Error]*********************
CreateVirtualDirectory call failed - -2147024894
*************************************************
4/15/2015 12:27:18 PM ... create virtdir: XtraReportsDemos_v8_3/ReportWebDemo=C:\Program Files (x86)\Developer Express .NET v8.3\Demos\XtraReports\ReportWebDemo
4/15/2015 12:27:18 PM *********************[Error]*********************
CreateVirtualDirectory call failed - -2147024894
*************************************************
4/15/2015 12:27:18 PM <<<<<<<<<<<<< UpdateInfo
4/15/2015 12:27:18 PM >>>>>>>>>>>>> UpdateMenu
4/15/2015 12:27:18 PM ... create link: ASPxGaugesDemos.lnk
4/15/2015 12:27:18 PM ... create link: ASPxGaugesDemos.lnk
4/15/2015 12:27:18 PM ... create link: ASPxGaugesDemos.lnk
4/15/2015 12:27:18 PM ... create link: ASPxGridView.lnk
4/15/2015 12:27:18 PM ... create link: ASPxGridViewDemos.lnk
4/15/2015 12:27:18 PM ... create link: ASPxGridViewDemos.lnk
4/15/2015 12:27:18 PM ... create link: ASPxGridViewDemos.lnk
4/15/2015 12:27:18 PM ... create link: ASPxHtmlEditorDemos.lnk
4/15/2015 12:27:18 PM ... create link: ASPxHtmlEditorDemos.lnk
4/15/2015 12:27:18 PM ... create link: ASPxHtmlEditorDemos.lnk
4/15/2015 12:27:18 PM ... create link: ASPxPivotGridDemos.lnk
4/15/2015 12:27:18 PM ... create link: ASPxPivotGridDemos.lnk
4/15/2015 12:27:18 PM ... create link: ASPxPivotGridDemos.lnk
4/15/2015 12:27:18 PM ... create link: ASPxSchedulerDemos.lnk
4/15/2015 12:27:18 PM ... create link: ASPxSchedulerDemos.lnk
4/15/2015 12:27:18 PM ... create link: ASPxSchedulerDemos.lnk
4/15/2015 12:27:18 PM ... create link: ASPxSpellCheckerDemos.lnk
4/15/2015 12:27:18 PM ... create link: ASPxSpellCheckerDemos.lnk
4/15/2015 12:27:18 PM ... create link: ASPxSpellCheckerDemos.lnk
4/15/2015 12:27:18 PM ... create link: ASPxTreeListDemos.lnk
4/15/2015 12:27:18 PM ... create link: ASPxTreeListDemos.lnk
4/15/2015 12:27:18 PM ... create link: ASPxTreeListDemos.lnk
4/15/2015 12:27:18 PM ... create link: ASPxperience.lnk
4/15/2015 12:27:18 PM ... create link: ASPxperienceDemos.lnk
4/15/2015 12:27:18 PM ... create link: ASPxperienceDemos.lnk
4/15/2015 12:27:18 PM ... create link: ASPxperienceDemos.lnk
4/15/2015 12:27:18 PM ... create link: DevExpress.AgLayoutControlDemo.lnk
4/15/2015 12:27:18 PM ... create link: DevExpress.AgLayoutControlDemo.lnk
4/15/2015 12:27:18 PM ... create link: AgRichEditDemo.lnk
4/15/2015 12:27:18 PM ... create link: AgRichEditDemo.lnk
4/15/2015 12:27:18 PM ... create link: CarouselDemo.lnk
4/15/2015 12:27:18 PM ... create link: CarouselTutorial.lnk
4/15/2015 12:27:18 PM ... create link: CarouselDemo.lnk
4/15/2015 12:27:18 PM ... create link: CarouselTutorial.lnk
4/15/2015 12:27:18 PM ... create link: ChartsDemo.lnk
4/15/2015 12:27:18 PM ... create link: ChartsDemo.lnk
4/15/2015 12:27:18 PM ... create link: GridDemo.lnk
4/15/2015 12:27:18 PM ... create link: GridDemo.lnk
4/15/2015 12:27:18 PM ... create link: NavBarDemo.lnk
4/15/2015 12:27:18 PM ... create link: NavBarDemo.lnk
4/15/2015 12:27:18 PM ... create link: ProjectConverter.lnk
4/15/2015 12:27:18 PM ... create link: VersionChecker.lnk
4/15/2015 12:27:18 PM ... create link: DXDesignKeys.lnk
4/15/2015 12:27:18 PM ... create link: DemoCenter.lnk
4/15/2015 12:27:18 PM ... create link: DemoCenter.lnk
4/15/2015 12:27:18 PM ... create link: ASPxSharePointRegisterer.lnk
4/15/2015 12:27:18 PM ... create link: ASPxThemeDeployer.lnk
4/15/2015 12:27:18 PM ... create link: SkinEditor.lnk
4/15/2015 12:27:18 PM ... create link: XtraBars.lnk
4/15/2015 12:27:18 PM ... create link: BarEditors.lnk
4/15/2015 12:27:18 PM ... create link: BarTutorials.lnk
4/15/2015 12:27:18 PM ... create link: BrowserDemo.lnk
4/15/2015 12:27:18 PM ... create link: DemoCenter.lnk
4/15/2015 12:27:18 PM ... create link: DockingDemo.lnk
4/15/2015 12:27:18 PM ... create link: MDIDemo.lnk
4/15/2015 12:27:18 PM ... create link: RibbonSimplePad.lnk
4/15/2015 12:27:18 PM ... create link: SimplePad.lnk
4/15/2015 12:27:18 PM ... create link: BarEditors.lnk
4/15/2015 12:27:18 PM ... create link: BarTutorials.lnk
4/15/2015 12:27:18 PM ... create link: BrowserDemo.lnk
4/15/2015 12:27:18 PM ... create link: DockingDemo.lnk
4/15/2015 12:27:19 PM ... create link: MDIDemo.lnk
4/15/2015 12:27:19 PM ... create link: RibbonSimplePad.lnk
4/15/2015 12:27:19 PM ... create link: SimplePad.lnk
4/15/2015 12:27:19 PM ... create link: BarEditors.lnk
4/15/2015 12:27:19 PM ... create link: BarTutorials.lnk
4/15/2015 12:27:19 PM ... create link: BrowserDemo.lnk
4/15/2015 12:27:19 PM ... create link: DemoCenter.lnk
4/15/2015 12:27:19 PM ... create link: DockingDemo.lnk
4/15/2015 12:27:19 PM ... create link: MDIDemo.lnk
4/15/2015 12:27:19 PM ... create link: RibbonSimplePad.lnk
4/15/2015 12:27:19 PM ... create link: SimplePad.lnk
4/15/2015 12:27:19 PM ... create link: XtraCharts.lnk
4/15/2015 12:27:19 PM ... create link: ChartsMainDemo.lnk
4/15/2015 12:27:19 PM ... create link: ChartsWebDemo.lnk
4/15/2015 12:27:19 PM ... create link: ChartsMainDemo.lnk
4/15/2015 12:27:19 PM ... create link: ChartsWebDemo.lnk
4/15/2015 12:27:19 PM ... create link: ChartsWebDemo.lnk
4/15/2015 12:27:19 PM ... create link: ChartsMainDemo.lnk
4/15/2015 12:27:19 PM ... create link: EditorsTutorials.lnk
4/15/2015 12:27:19 PM ... create link: MyControls1.lnk
4/15/2015 12:27:19 PM ... create link: EditorsMaskEdit.lnk
4/15/2015 12:27:19 PM ... create link: EditorsOleDbBinding.lnk
4/15/2015 12:27:19 PM ... create link: EditorsProperties.lnk
4/15/2015 12:27:19 PM ... create link: EditorsSimpleBinding.lnk
4/15/2015 12:27:19 PM ... create link: EditorsUnboundMode.lnk
4/15/2015 12:27:19 PM ... create link: MyControls1.lnk
4/15/2015 12:27:19 PM ... create link: EditorsMaskEdit.lnk
4/15/2015 12:27:19 PM ... create link: EditorsOleDbBinding.lnk
4/15/2015 12:27:19 PM ... create link: EditorsProperties.lnk
4/15/2015 12:27:19 PM ... create link: EditorsSimpleBinding.lnk
4/15/2015 12:27:19 PM ... create link: EditorsTutorials.lnk
4/15/2015 12:27:19 PM ... create link: EditorsUnboundMode.lnk
4/15/2015 12:27:19 PM ... create link: EditorsTutorials.lnk
4/15/2015 12:27:19 PM ... create link: EditorsMaskEdit.lnk
4/15/2015 12:27:19 PM ... create link: OLE DB Binding.lnk
4/15/2015 12:27:19 PM ... create link: Properties.lnk
4/15/2015 12:27:19 PM ... create link: Simple Binding.lnk
4/15/2015 12:27:19 PM ... create link: Unbound Mode.lnk
4/15/2015 12:27:19 PM ... create link: GaugesMainDemo.lnk
4/15/2015 12:27:19 PM ... create link: GaugesMainDemo.lnk
4/15/2015 12:27:19 PM ... create link: GaugesMainDemo.lnk
4/15/2015 12:27:19 PM ... create link: XtraGrid.lnk
4/15/2015 12:27:19 PM ... create link: GridMainDemo.lnk
4/15/2015 12:27:19 PM ... create link: GridTutorials.lnk
4/15/2015 12:27:19 PM ... create link: GridMainDemo.lnk
4/15/2015 12:27:19 PM ... create link: GridTutorials.lnk
4/15/2015 12:27:19 PM ... create link: GridMainDemo.lnk
4/15/2015 12:27:19 PM ... create link: GridTutorials.lnk
4/15/2015 12:27:19 PM ... create link: LayoutMainDemo.lnk
4/15/2015 12:27:19 PM ... create link: LayoutMainDemo.lnk
4/15/2015 12:27:19 PM ... create link: LayoutMainDemo.lnk
4/15/2015 12:27:19 PM ... create link: XtraNavBar.lnk
4/15/2015 12:27:19 PM ... create link: NavBarMainDemo.lnk
4/15/2015 12:27:19 PM ... create link: NavBarMainDemo.lnk
4/15/2015 12:27:19 PM ... create link: NavBarMainDemo.lnk
4/15/2015 12:27:19 PM ... create link: XtraPivotGrid.lnk
4/15/2015 12:27:19 PM ... create link: PivotGridMainDemo.lnk
4/15/2015 12:27:19 PM ... create link: PivotGridMainDemo.lnk
4/15/2015 12:27:19 PM ... create link: PivotGridMainDemo.lnk
4/15/2015 12:27:19 PM ... create link: PrintingMainDemo.lnk
4/15/2015 12:27:19 PM ... create link: PrintingTutorials.lnk
4/15/2015 12:27:19 PM ... create link: RibbonPrintPreviewDemo.lnk
4/15/2015 12:27:19 PM ... create link: PrintingMainDemo.lnk
4/15/2015 12:27:19 PM ... create link: PrintingTutorials.lnk
4/15/2015 12:27:19 PM ... create link: RibbonPrintPreviewDemo.lnk
4/15/2015 12:27:19 PM ... create link: PrintingMainDemo.lnk
4/15/2015 12:27:19 PM ... create link: PrintingTutorials.lnk
4/15/2015 12:27:19 PM ... create link: RibbonPrintPreviewDemo.lnk
4/15/2015 12:27:19 PM ... create link: XtraReports.lnk
4/15/2015 12:27:19 PM ... create link: ReportMainDemo.lnk
4/15/2015 12:27:19 PM ... create link: RibbonEndUserDesignerDemo.lnk
4/15/2015 12:27:19 PM ... create link: ReportWebDemo.lnk
4/15/2015 12:27:19 PM ... create link: ReportMainDemo.lnk
4/15/2015 12:27:19 PM ... create link: RibbonEndUserDesignerDemo.lnk
4/15/2015 12:27:19 PM ... create link: ReportWebDemo.lnk
4/15/2015 12:27:19 PM ... create link: ReportWebDemo.lnk
4/15/2015 12:27:19 PM ... create link: ReportMainDemo.lnk
4/15/2015 12:27:19 PM ... create link: RibbonEndUserDesignerDemo.lnk
4/15/2015 12:27:19 PM ... create link: RichEditMainDemo.lnk
4/15/2015 12:27:19 PM ... create link: RichEditMainDemo.lnk
4/15/2015 12:27:19 PM ... create link: XtraScheduler.lnk
4/15/2015 12:27:19 PM ... create link: SchedulerMainDemo.lnk
4/15/2015 12:27:19 PM ... create link: SchedulerMainDemo.lnk
4/15/2015 12:27:19 PM ... create link: SchedulerMainDemo.lnk
4/15/2015 12:27:19 PM ... create link: SpellCheckerMainDemo.lnk
4/15/2015 12:27:19 PM ... create link: SpellCheckerMainDemo.lnk
4/15/2015 12:27:19 PM ... create link: SpellCheckerMainDemo.lnk
4/15/2015 12:27:19 PM ... create link: XtraTreeList.lnk
4/15/2015 12:27:19 PM ... create link: TreeListMainDemo.lnk
4/15/2015 12:27:19 PM ... create link: TreeListTutorials.lnk
4/15/2015 12:27:19 PM ... create link: TreeListMainDemo.lnk
4/15/2015 12:27:19 PM ... create link: TreeListTutorials.lnk
4/15/2015 12:27:19 PM ... create link: TreeListMainDemo.lnk
4/15/2015 12:27:19 PM ... create link: TreeListTutorials.lnk
4/15/2015 12:27:19 PM ... create link: XtraVerticalGrid.lnk
4/15/2015 12:27:19 PM ... create link: VertGridMainDemo.lnk
4/15/2015 12:27:19 PM ... create link: VertGridTutorials.lnk
4/15/2015 12:27:19 PM ... create link: VertGridMainDemo.lnk
4/15/2015 12:27:19 PM ... create link: VertGridTutorials.lnk
4/15/2015 12:27:19 PM ... create link: VertGridMainDemo.lnk
4/15/2015 12:27:19 PM ... create link: VertGridTutorials.lnk
4/15/2015 12:27:19 PM ... create link: XtraWizard.lnk
4/15/2015 12:27:19 PM ... create link: WizardTourDemo.lnk
4/15/2015 12:27:19 PM ... create link: WizardAeroDemo.lnk
4/15/2015 12:27:19 PM ... create link: WizardTourDemo.lnk
4/15/2015 12:27:19 PM ... create link: WizardAeroDemo.lnk
4/15/2015 12:27:19 PM ... create link: WizardTourDemo.lnk
4/15/2015 12:27:19 PM ... create link: WizardAeroDemo.lnk
4/15/2015 12:27:19 PM ... create link: CacheNode.lnk
4/15/2015 12:27:19 PM ... create link: CacheRoot.lnk
4/15/2015 12:27:19 PM ... create link: ContactManagement.lnk
4/15/2015 12:27:19 PM ... create link: DataSetServer.lnk
4/15/2015 12:27:19 PM ... create link: LoggerRepeater.lnk
4/15/2015 12:27:19 PM ... create link: XpoTutorials.lnk
4/15/2015 12:27:19 PM ... create link: CacheNode.lnk
4/15/2015 12:27:19 PM ... create link: CacheRoot.lnk
4/15/2015 12:27:19 PM ... create link: ContactManagement.lnk
4/15/2015 12:27:19 PM ... create link: DataSetServer.lnk
4/15/2015 12:27:19 PM ... create link: LoggerRepeater.lnk
4/15/2015 12:27:19 PM ... create link: XpoTutorials.lnk
4/15/2015 12:27:19 PM ... create link: CacheNode.lnk
4/15/2015 12:27:19 PM ... create link: CacheRoot.lnk
4/15/2015 12:27:19 PM ... create link: Contact Management.lnk
4/15/2015 12:27:19 PM ... create link: DataSetServer.lnk
4/15/2015 12:27:19 PM ... create link: LoggerRepeater.lnk
4/15/2015 12:27:19 PM ... create link: XpoTutorials.lnk
4/15/2015 12:27:19 PM ... create link: ToolboxCreator.lnk
4/15/2015 12:27:19 PM ... create link: License Agreement.lnk
4/15/2015 12:27:19 PM ... create link: Web Page.lnk
4/15/2015 12:27:19 PM ... create link: Setup.lnk
4/15/2015 12:27:19 PM <<<<<<<<<<<<< UpdateMenu
4/15/2015 12:27:19 PM ---[>>SaveToRegistry]---
4/15/2015 12:27:19 PM ---[<<SaveToRegistry]---
4/15/2015 12:27:19 PM ==[Install complete]===============================================
